[2023-05-08 00:30:53] [INFO   ] Старт сервера 
[2023-05-08 00:30:53] [INFO   ] используем порт из файла конфигурации: 8100 
[2023-05-08 00:30:53] [INFO   ] используем ограничение потоков из файла конфигурации: 2 
[2023-05-08 00:30:53] [INFO   ] Message broker запущен 
[2023-05-08 00:30:53] [INFO   ] Сервер запущен 
[2023-05-08 00:42:03] [INFO   ] Старт сервера 
[2023-05-08 00:42:03] [INFO   ] используем порт из файла конфигурации: 8100 
[2023-05-08 00:42:03] [INFO   ] используем ограничение потоков из файла конфигурации: 2 
[2023-05-08 00:42:03] [INFO   ] Message broker запущен 
[2023-05-08 00:42:03] [INFO   ] Сервер запущен 
[2023-05-08 00:42:23] [INFO   ] Открываем поток обработки подключение от /127.0.0.1:60487 
[2023-05-08 00:42:23] [INFO   ] [logIncomingMessage] Получили команду от vasya : connect ("") 
[2023-05-08 00:42:23] [INFO   ] [logOutgoingMessage] Отправляем vasya команду connect ("Добро пожаловать vasya!
Для отправки сообщения нажмите Enter.") 
[2023-05-08 00:43:10] [INFO   ] [logOutgoingMessage] Отправляем vasya команду exit ("До скорой встречи vasya!") 
[2023-05-08 00:43:10] [INFO   ] Завершаем поток обработки клиента vasya 
[2023-05-08 00:45:28] [INFO   ] Старт сервера 
[2023-05-08 00:45:28] [INFO   ] используем порт из файла конфигурации: 8100 
[2023-05-08 00:45:28] [INFO   ] используем ограничение потоков из файла конфигурации: 2 
[2023-05-08 00:45:28] [INFO   ] Message broker запущен 
[2023-05-08 00:45:28] [INFO   ] Сервер запущен 
[2023-05-08 00:47:38] [INFO   ] Старт сервера 
[2023-05-08 00:47:38] [INFO   ] используем порт из файла конфигурации: 8100 
[2023-05-08 00:47:38] [INFO   ] используем ограничение потоков из файла конфигурации: 2 
[2023-05-08 00:47:38] [INFO   ] Message broker запущен 
[2023-05-08 00:47:38] [INFO   ] Сервер запущен 
[2023-05-08 00:47:56] [INFO   ] Открываем поток обработки подключение от /127.0.0.1:60923 
[2023-05-08 00:47:56] [INFO   ] [logIncomingMessage] Получили команду от petya : connect ("") 
[2023-05-08 00:47:56] [INFO   ] [logOutgoingMessage] Отправляем petya команду connect ("Добро пожаловать petya!
Для отправки сообщения нажмите Enter.") 
[2023-05-08 00:48:42] [INFO   ] [logOutgoingMessage] Отправляем petya команду exit ("До скорой встречи petya!") 
[2023-05-08 00:48:42] [INFO   ] Завершаем поток обработки клиента petya 
[2023-05-08 00:49:49] [INFO   ] Старт сервера 
[2023-05-08 00:49:49] [INFO   ] используем порт из файла конфигурации: 8100 
[2023-05-08 00:49:49] [INFO   ] используем ограничение потоков из файла конфигурации: 2 
[2023-05-08 00:49:49] [INFO   ] Message broker запущен 
[2023-05-08 00:49:49] [INFO   ] Сервер запущен 
[2023-05-08 00:49:59] [INFO   ] Открываем поток обработки подключение от /127.0.0.1:60998 
[2023-05-08 00:49:59] [INFO   ] [logIncomingMessage] Получили команду от petya : connect ("") 
[2023-05-08 00:49:59] [INFO   ] [logOutgoingMessage] Отправляем petya команду connect ("Добро пожаловать petya!
Для отправки сообщения нажмите Enter.") 
[2023-05-08 00:50:30] [INFO   ] [logOutgoingMessage] Отправляем petya команду exit ("До скорой встречи petya!") 
[2023-05-08 00:50:30] [INFO   ] Завершаем поток обработки клиента petya 
[2023-05-08 00:54:03] [INFO   ] Старт сервера 
[2023-05-08 00:54:03] [INFO   ] используем порт из файла конфигурации: 8100 
[2023-05-08 00:54:03] [INFO   ] используем ограничение потоков из файла конфигурации: 2 
[2023-05-08 00:54:03] [INFO   ] Message broker запущен 
[2023-05-08 00:54:03] [INFO   ] Сервер запущен 
[2023-05-08 00:54:32] [INFO   ] Открываем поток обработки подключение от /127.0.0.1:61208 
[2023-05-08 00:54:32] [INFO   ] [logIncomingMessage] Получили команду от vasya : connect ("") 
[2023-05-08 00:54:32] [INFO   ] [logOutgoingMessage] Отправляем vasya команду connect ("Добро пожаловать vasya!
Для отправки сообщения нажмите Enter.") 
[2023-05-08 00:54:38] [INFO   ] Открываем поток обработки подключение от /127.0.0.1:61212 
[2023-05-08 00:54:38] [INFO   ] [logIncomingMessage] Получили команду от petya : connect ("") 
[2023-05-08 00:54:38] [INFO   ] [logOutgoingMessage] Отправляем petya команду connect ("Добро пожаловать petya!
Для отправки сообщения нажмите Enter.") 
[2023-05-08 00:54:39] [INFO   ] [logOutgoingMessage] Отправляем vasya сообщение от petya :  "К чату подключился новый участник: petya") 
[2023-05-08 00:54:53] [INFO   ] [logOutgoingMessage] Отправляем petya сообщение от vasya :  "hi!") 
[2023-05-08 00:55:01] [INFO   ] [logOutgoingMessage] Отправляем vasya сообщение от petya :  "hiiiii!") 
[2023-05-08 00:59:09] [INFO   ] Старт сервера 
[2023-05-08 00:59:09] [INFO   ] используем порт из файла конфигурации: 8100 
[2023-05-08 00:59:09] [INFO   ] используем ограничение потоков из файла конфигурации: 2 
[2023-05-08 00:59:09] [INFO   ] Message broker запущен 
[2023-05-08 00:59:09] [INFO   ] Сервер запущен 
[2023-05-08 00:59:29] [INFO   ] Открываем поток обработки подключение от /127.0.0.1:61407 
[2023-05-08 00:59:29] [INFO   ] [logIncomingMessage] Получили команду от asdfasf : connect ("" 
[2023-05-08 00:59:29] [INFO   ] [logOutgoingMessage] Отправляем asdfasf команду connect ("Добро пожаловать asdfasf!
Для отправки сообщения нажмите Enter.") 
[2023-05-08 00:59:30] [INFO   ] [logOutgoingMessage] Отправляем asdfasf команду  ("Неизвестная команда info!") 
[2023-05-08 01:05:21] [INFO   ] Старт сервера 
[2023-05-08 01:05:21] [INFO   ] используем порт из файла конфигурации: 8100 
[2023-05-08 01:05:21] [INFO   ] используем ограничение потоков из файла конфигурации: 2 
[2023-05-08 01:05:21] [INFO   ] Message broker запущен 
[2023-05-08 01:05:21] [INFO   ] Сервер запущен 
[2023-05-08 01:05:37] [INFO   ] Открываем поток обработки подключение от /127.0.0.1:61621 
[2023-05-08 01:05:37] [INFO   ] [logIncomingMessage] Получили команду от petya : connect ("" 
[2023-05-08 01:05:37] [INFO   ] [logOutgoingMessage] Отправляем petya команду connect ("Добро пожаловать petya!
Для отправки сообщения нажмите Enter.") 
[2023-05-08 01:05:37] [INFO   ] Message{command=true, commandString='info', message='К чату подключился новый участник: petya', date=Mon May 08 01:05:37 YEKT 2023, nickName='petya', disconnect=false} 
[2023-05-08 01:05:37] [INFO   ] [logOutgoingMessage] Отправляем petya команду  ("Неизвестная команда info!") 
[2023-05-08 01:06:13] [INFO   ] Открываем поток обработки подключение от /127.0.0.1:61655 
[2023-05-08 01:06:13] [INFO   ] [logIncomingMessage] Получили команду от anya : connect ("" 
[2023-05-08 01:06:13] [INFO   ] [logOutgoingMessage] Отправляем anya команду connect ("Добро пожаловать anya!
Для отправки сообщения нажмите Enter.") 
[2023-05-08 01:06:13] [INFO   ] Message{command=true, commandString='info', message='К чату подключился новый участник: anya', date=Mon May 08 01:06:13 YEKT 2023, nickName='anya', disconnect=false} 
[2023-05-08 01:06:13] [INFO   ] [logOutgoingMessage] Отправляем anya команду  ("Неизвестная команда info!") 
[2023-05-08 01:06:26] [INFO   ] [logOutgoingMessage] Отправляем petya сообщение от anya :  "sdfgsdgf") 
[2023-05-08 01:07:18] [INFO   ] Message{command=true, commandString='exit', message='', date=Mon May 08 01:07:18 YEKT 2023, nickName='petya', disconnect=false} 
[2023-05-08 01:07:18] [INFO   ] [logOutgoingMessage] Отправляем petya команду exit ("До скорой встречи petya!") 
[2023-05-08 01:07:18] [INFO   ] [logOutgoingMessage] Отправляем anya сообщение от Server :  "из чата выходит petya.") 
[2023-05-08 01:07:18] [INFO   ] Завершаем поток обработки клиента petya 
[2023-05-08 01:08:31] [INFO   ] Старт сервера 
[2023-05-08 01:08:31] [INFO   ] используем порт из файла конфигурации: 8100 
[2023-05-08 01:08:31] [INFO   ] используем ограничение потоков из файла конфигурации: 2 
[2023-05-08 01:08:31] [INFO   ] Message broker запущен 
[2023-05-08 01:08:31] [INFO   ] Сервер запущен 
[2023-05-08 01:08:52] [INFO   ] Открываем поток обработки подключение от /127.0.0.1:61752 
[2023-05-08 01:08:52] [INFO   ] [logIncomingMessage] Получили команду от anya : connect ("" 
[2023-05-08 01:08:52] [INFO   ] [logOutgoingMessage] Отправляем anya команду connect ("Добро пожаловать anya!
Для отправки сообщения нажмите Enter.") 
[2023-05-08 01:08:52] [INFO   ] Message{command=true, commandString='info', message='К чату подключился новый участник: anya', date=Mon May 08 01:08:52 YEKT 2023, nickName='anya', disconnect=false} 
[2023-05-08 01:08:52] [INFO   ] [logOutgoingMessage] Отправляем anya команду info ("К чату подключился новый участник: anya") 
[2023-05-08 01:09:01] [INFO   ] Открываем поток обработки подключение от /127.0.0.1:61758 
[2023-05-08 01:09:01] [INFO   ] [logIncomingMessage] Получили команду от petya : connect ("" 
[2023-05-08 01:09:01] [INFO   ] [logOutgoingMessage] Отправляем petya команду connect ("Добро пожаловать petya!
Для отправки сообщения нажмите Enter.") 
[2023-05-08 01:09:01] [INFO   ] Message{command=true, commandString='info', message='К чату подключился новый участник: petya', date=Mon May 08 01:09:01 YEKT 2023, nickName='petya', disconnect=false} 
[2023-05-08 01:09:01] [INFO   ] [logOutgoingMessage] Отправляем petya команду info ("К чату подключился новый участник: petya") 
[2023-05-08 01:09:23] [INFO   ] [logOutgoingMessage] Отправляем anya сообщение от petya :  "sdfgdsg") 
[2023-05-08 01:09:31] [INFO   ] Message{command=true, commandString='exit', message='', date=Mon May 08 01:09:31 YEKT 2023, nickName='petya', disconnect=false} 
[2023-05-08 01:09:31] [INFO   ] [logOutgoingMessage] Отправляем petya команду exit ("") 
[2023-05-08 01:09:31] [INFO   ] [logOutgoingMessage] Отправляем anya сообщение от Server :  "из чата выходит petya.") 
[2023-05-08 01:09:31] [INFO   ] Завершаем поток обработки клиента petya 
[2023-05-08 01:12:01] [INFO   ] Старт сервера 
[2023-05-08 01:12:01] [INFO   ] используем порт из файла конфигурации: 8100 
[2023-05-08 01:12:01] [INFO   ] используем ограничение потоков из файла конфигурации: 2 
[2023-05-08 01:12:01] [INFO   ] Message broker запущен 
[2023-05-08 01:12:01] [INFO   ] Сервер запущен 
[2023-05-08 01:12:17] [INFO   ] Открываем поток обработки подключение от /127.0.0.1:61875 
[2023-05-08 01:12:17] [INFO   ] [logIncomingMessage] Получили команду от anya : connect ("" 
[2023-05-08 01:12:17] [INFO   ] [logOutgoingMessage] Отправляем anya команду connect ("Добро пожаловать anya!
Для отправки сообщения нажмите Enter.") 
[2023-05-08 01:12:17] [INFO   ] Message{command=true, commandString='info', message='К чату подключился новый участник: anya', date=Mon May 08 01:12:17 YEKT 2023, nickName='anya', disconnect=false} 
[2023-05-08 01:12:17] [INFO   ] [logOutgoingMessage] Отправляем anya команду info ("К чату подключился новый участник: anya") 
[2023-05-08 01:12:29] [INFO   ] Открываем поток обработки подключение от /127.0.0.1:61891 
[2023-05-08 01:12:29] [INFO   ] [logIncomingMessage] Получили команду от petya : connect ("" 
[2023-05-08 01:12:29] [INFO   ] [logOutgoingMessage] Отправляем petya команду connect ("Добро пожаловать petya!
Для отправки сообщения нажмите Enter.") 
[2023-05-08 01:12:29] [INFO   ] Message{command=true, commandString='info', message='К чату подключился новый участник: petya', date=Mon May 08 01:12:29 YEKT 2023, nickName='petya', disconnect=false} 
[2023-05-08 01:12:29] [INFO   ] [logOutgoingMessage] Отправляем petya команду info ("К чату подключился новый участник: petya") 
[2023-05-08 01:15:27] [INFO   ] Старт сервера 
[2023-05-08 01:15:27] [INFO   ] используем порт из файла конфигурации: 8100 
[2023-05-08 01:15:27] [INFO   ] используем ограничение потоков из файла конфигурации: 2 
[2023-05-08 01:15:27] [INFO   ] Message broker запущен 
[2023-05-08 01:15:27] [INFO   ] Сервер запущен 
[2023-05-08 01:15:45] [INFO   ] Старт сервера 
[2023-05-08 01:15:45] [INFO   ] используем порт из файла конфигурации: 8100 
[2023-05-08 01:15:45] [INFO   ] используем ограничение потоков из файла конфигурации: 2 
[2023-05-08 01:15:45] [INFO   ] Message broker запущен 
[2023-05-08 01:15:45] [INFO   ] Сервер запущен 
[2023-05-08 01:15:58] [INFO   ] Открываем поток обработки подключение от /127.0.0.1:62045 
[2023-05-08 01:15:58] [INFO   ] [logIncomingMessage] Получили команду от anya : connect ("" 
[2023-05-08 01:15:58] [INFO   ] [logOutgoingMessage] Отправляем anya команду connect ("Добро пожаловать anya!
Для отправки сообщения нажмите Enter.") 
[2023-05-08 01:15:59] [INFO   ] [logOutgoingMessage] Отправляем anya команду info ("К чату подключился новый участник: anya") 
[2023-05-08 01:16:05] [INFO   ] Открываем поток обработки подключение от /127.0.0.1:62049 
[2023-05-08 01:16:05] [INFO   ] [logIncomingMessage] Получили команду от petya : connect ("" 
[2023-05-08 01:16:05] [INFO   ] [logOutgoingMessage] Отправляем petya команду connect ("Добро пожаловать petya!
Для отправки сообщения нажмите Enter.") 
[2023-05-08 01:16:05] [INFO   ] [logOutgoingMessage] Отправляем petya команду info ("К чату подключился новый участник: petya") 
[2023-05-08 01:16:11] [INFO   ] [logOutgoingMessage] Отправляем anya сообщение от Server :  "из чата выходит petya.") 
[2023-05-08 01:16:11] [INFO   ] [logOutgoingMessage] Отправляем petya сообщение от Server :  "из чата выходит petya.") 
[2023-05-08 01:23:19] [INFO   ] Старт сервера 
[2023-05-08 01:23:19] [INFO   ] используем порт из файла конфигурации: 8100 
[2023-05-08 01:23:19] [INFO   ] используем ограничение потоков из файла конфигурации: 2 
[2023-05-08 01:23:19] [INFO   ] Message broker запущен 
[2023-05-08 01:23:19] [INFO   ] Сервер запущен 
[2023-05-08 01:23:44] [INFO   ] Открываем поток обработки подключение от /127.0.0.1:62357 
[2023-05-08 01:23:44] [INFO   ] [logIncomingMessage] Получили команду от anya : connect ("" 
[2023-05-08 01:23:44] [INFO   ] [logOutgoingMessage] Отправляем anya команду connect ("Добро пожаловать anya!
Для отправки сообщения нажмите Enter.") 
[2023-05-08 01:23:50] [INFO   ] Открываем поток обработки подключение от /127.0.0.1:62363 
[2023-05-08 01:23:50] [INFO   ] [logIncomingMessage] Получили команду от petya : connect ("" 
[2023-05-08 01:23:50] [INFO   ] [logOutgoingMessage] Отправляем petya команду connect ("Добро пожаловать petya!
Для отправки сообщения нажмите Enter.") 
[2023-05-08 01:23:50] [INFO   ] [logOutgoingMessage] Отправляем anya команду info ("К чату подключился новый участник: petya") 
[2023-05-08 01:24:08] [INFO   ] [logOutgoingMessage] Отправляем petya сообщение от Server :  "из чата выходит anya.") 
[2023-05-08 01:24:08] [INFO   ] [logOutgoingMessage] Отправляем anya сообщение от Server :  "из чата выходит anya.") 
[2023-05-08 01:24:25] [INFO   ] [logOutgoingMessage] Отправляем anya сообщение от petya :  "sdgsdfg") 
[2023-05-08 01:24:32] [INFO   ] [logOutgoingMessage] Отправляем anya сообщение от Server :  "из чата выходит anya.") 
[2023-05-08 01:24:32] [INFO   ] [logOutgoingMessage] Отправляем petya сообщение от Server :  "из чата выходит anya.") 
[2023-05-08 01:26:02] [INFO   ] Старт сервера 
[2023-05-08 01:26:02] [INFO   ] используем порт из файла конфигурации: 8100 
[2023-05-08 01:26:02] [INFO   ] используем ограничение потоков из файла конфигурации: 2 
[2023-05-08 01:26:02] [INFO   ] Message broker запущен 
[2023-05-08 01:26:02] [INFO   ] Сервер запущен 
[2023-05-08 01:26:14] [INFO   ] Открываем поток обработки подключение от /127.0.0.1:62469 
[2023-05-08 01:26:14] [INFO   ] [logIncomingMessage] Получили команду от anya : connect ("" 
[2023-05-08 01:26:14] [INFO   ] [logOutgoingMessage] Отправляем anya команду connect ("Добро пожаловать anya!
Для отправки сообщения нажмите Enter.") 
[2023-05-08 01:26:20] [INFO   ] Открываем поток обработки подключение от /127.0.0.1:62472 
[2023-05-08 01:26:20] [INFO   ] [logIncomingMessage] Получили команду от petya : connect ("" 
[2023-05-08 01:26:20] [INFO   ] [logOutgoingMessage] Отправляем petya команду connect ("Добро пожаловать petya!
Для отправки сообщения нажмите Enter.") 
[2023-05-08 01:26:20] [INFO   ] [logOutgoingMessage] Отправляем anya команду info ("К чату подключился новый участник: petya") 
[2023-05-08 01:26:28] [INFO   ] [logOutgoingMessage] Отправляем anya сообщение от petya :  "sdfgs") 
[2023-05-08 01:26:36] [INFO   ] [logOutgoingMessage] Отправляем petya команду exit ("До скорой встречи petya!") 
[2023-05-08 01:26:36] [INFO   ] [logOutgoingMessage] Отправляем anya сообщение от Server :  "из чата выходит petya.") 
[2023-05-08 01:26:36] [INFO   ] Завершаем поток обработки клиента petya 
[2023-05-08 01:27:22] [INFO   ] Старт сервера 
[2023-05-08 01:27:22] [INFO   ] используем порт из файла конфигурации: 8100 
[2023-05-08 01:27:22] [INFO   ] используем ограничение потоков из файла конфигурации: 2 
[2023-05-08 01:27:22] [INFO   ] Message broker запущен 
[2023-05-08 01:27:22] [INFO   ] Сервер запущен 
[2023-05-08 01:27:40] [INFO   ] Старт сервера 
[2023-05-08 01:27:40] [INFO   ] используем порт из файла конфигурации: 8100 
[2023-05-08 01:27:40] [INFO   ] используем ограничение потоков из файла конфигурации: 2 
[2023-05-08 01:27:40] [INFO   ] Message broker запущен 
[2023-05-08 01:27:40] [INFO   ] Сервер запущен 
[2023-05-08 01:28:23] [INFO   ] Старт сервера 
[2023-05-08 01:28:23] [INFO   ] используем порт из файла конфигурации: 8100 
[2023-05-08 01:28:23] [INFO   ] используем ограничение потоков из файла конфигурации: 2 
[2023-05-08 01:28:23] [INFO   ] Message broker запущен 
[2023-05-08 01:28:23] [INFO   ] Сервер запущен 
[2023-05-08 01:28:41] [INFO   ] Старт сервера 
[2023-05-08 01:28:41] [INFO   ] используем порт из файла конфигурации: 8100 
[2023-05-08 01:28:41] [INFO   ] используем ограничение потоков из файла конфигурации: 2 
[2023-05-08 01:28:41] [INFO   ] Message broker запущен 
[2023-05-08 01:28:41] [INFO   ] Сервер запущен 
[2023-05-08 01:29:29] [INFO   ] Старт сервера 
[2023-05-08 01:29:29] [INFO   ] используем порт из файла конфигурации: 8100 
[2023-05-08 01:29:29] [INFO   ] используем ограничение потоков из файла конфигурации: 2 
[2023-05-08 01:29:29] [INFO   ] Message broker запущен 
[2023-05-08 01:29:29] [INFO   ] Сервер запущен 
[2023-05-08 01:29:51] [INFO   ] Открываем поток обработки подключение от /127.0.0.1:62672 
[2023-05-08 01:29:51] [INFO   ] [logIncomingMessage] Получили команду от anya : connect ("" 
[2023-05-08 01:29:51] [INFO   ] [logOutgoingMessage] Отправляем anya команду connect ("Добро пожаловать anya!
Для отправки сообщения нажмите Enter.") 
[2023-05-08 01:30:00] [INFO   ] Открываем поток обработки подключение от /127.0.0.1:62675 
[2023-05-08 01:30:00] [INFO   ] [logIncomingMessage] Получили команду от petya : connect ("" 
[2023-05-08 01:30:00] [INFO   ] [logOutgoingMessage] Отправляем petya команду connect ("Добро пожаловать petya!
Для отправки сообщения нажмите Enter.") 
[2023-05-08 01:30:00] [INFO   ] [logOutgoingMessage] Отправляем anya команду info ("К чату подключился новый участник: petya") 
[2023-05-08 01:30:11] [INFO   ] [logOutgoingMessage] Отправляем anya сообщение от petya :  "adfsdf") 
[2023-05-08 01:30:20] [INFO   ] [logOutgoingMessage] Отправляем petya команду exit ("До скорой встречи petya!") 
[2023-05-08 01:30:20] [INFO   ] [logOutgoingMessage] Отправляем anya команду info ("из чата выходит petya.") 
[2023-05-08 01:30:20] [INFO   ] Завершаем поток обработки клиента petya 
[2023-05-08 01:32:05] [INFO   ] Старт сервера 
[2023-05-08 01:32:05] [INFO   ] используем порт из файла конфигурации: 8100 
[2023-05-08 01:32:05] [INFO   ] используем ограничение потоков из файла конфигурации: 2 
[2023-05-08 01:32:05] [INFO   ] Message broker запущен 
[2023-05-08 01:32:05] [INFO   ] Сервер запущен 
[2023-05-08 01:32:24] [INFO   ] Старт сервера 
[2023-05-08 01:32:24] [INFO   ] используем порт из файла конфигурации: 8100 
[2023-05-08 01:32:24] [INFO   ] используем ограничение потоков из файла конфигурации: 2 
[2023-05-08 01:32:24] [INFO   ] Message broker запущен 
[2023-05-08 01:32:24] [INFO   ] Сервер запущен 
[2023-05-08 01:33:00] [INFO   ] Старт сервера 
[2023-05-08 01:33:00] [INFO   ] используем порт из файла конфигурации: 8100 
[2023-05-08 01:33:00] [INFO   ] используем ограничение потоков из файла конфигурации: 2 
[2023-05-08 01:33:00] [INFO   ] Message broker запущен 
[2023-05-08 01:33:00] [INFO   ] Сервер запущен 
[2023-05-08 01:33:16] [INFO   ] Открываем поток обработки подключение от /127.0.0.1:62861 
[2023-05-08 01:33:16] [INFO   ] [logIncomingMessage] Получили команду от anton : connect ("" 
[2023-05-08 01:33:16] [INFO   ] [logOutgoingMessage] Отправляем anton команду connect ("Добро пожаловать anton!
Для отправки сообщения нажмите Enter.") 
[2023-05-08 01:33:21] [INFO   ] Открываем поток обработки подключение от /127.0.0.1:62867 
[2023-05-08 01:33:21] [INFO   ] [logIncomingMessage] Получили команду от petya : connect ("" 
[2023-05-08 01:33:21] [INFO   ] [logOutgoingMessage] Отправляем petya команду connect ("Добро пожаловать petya!
Для отправки сообщения нажмите Enter.") 
[2023-05-08 01:33:21] [INFO   ] [logOutgoingMessage] Отправляем anton команду info ("К чату подключился новый участник: petya") 
[2023-05-08 01:33:26] [INFO   ] Открываем поток обработки подключение от /127.0.0.1:62874 
[2023-05-08 01:33:26] [INFO   ] [logIncomingMessage] Получили команду от vasya : connect ("" 
[2023-05-08 01:34:35] [INFO   ] Старт сервера 
[2023-05-08 01:34:35] [INFO   ] используем порт из файла конфигурации: 8100 
[2023-05-08 01:34:35] [INFO   ] используем ограничение потоков из файла конфигурации: 2 
[2023-05-08 01:34:35] [INFO   ] Message broker запущен 
[2023-05-08 01:34:35] [INFO   ] Сервер запущен 
[2023-05-08 01:35:04] [INFO   ] Старт сервера 
[2023-05-08 01:35:04] [INFO   ] используем порт из файла конфигурации: 8100 
[2023-05-08 01:35:04] [INFO   ] используем ограничение потоков из файла конфигурации: 3 
[2023-05-08 01:35:04] [INFO   ] Message broker запущен 
[2023-05-08 01:35:04] [INFO   ] Сервер запущен 
[2023-05-08 01:35:23] [INFO   ] Открываем поток обработки подключение от /127.0.0.1:62978 
[2023-05-08 01:35:23] [INFO   ] [logIncomingMessage] Получили команду от anton : connect ("" 
[2023-05-08 01:35:23] [INFO   ] [logOutgoingMessage] Отправляем anton команду connect ("Добро пожаловать anton!
Для отправки сообщения нажмите Enter.") 
[2023-05-08 01:35:29] [INFO   ] Открываем поток обработки подключение от /127.0.0.1:62982 
[2023-05-08 01:35:29] [INFO   ] [logIncomingMessage] Получили команду от petya : connect ("" 
[2023-05-08 01:35:29] [INFO   ] [logOutgoingMessage] Отправляем petya команду connect ("Добро пожаловать petya!
Для отправки сообщения нажмите Enter.") 
[2023-05-08 01:35:29] [INFO   ] [logOutgoingMessage] Отправляем anton команду info ("К чату подключился новый участник: petya") 
[2023-05-08 01:35:34] [INFO   ] Открываем поток обработки подключение от /127.0.0.1:62984 
[2023-05-08 01:35:34] [INFO   ] [logIncomingMessage] Получили команду от vasya : connect ("" 
[2023-05-08 01:35:34] [INFO   ] [logOutgoingMessage] Отправляем vasya команду connect ("Добро пожаловать vasya!
Для отправки сообщения нажмите Enter.") 
[2023-05-08 01:35:34] [INFO   ] [logOutgoingMessage] Отправляем petya команду info ("К чату подключился новый участник: vasya") 
[2023-05-08 01:35:34] [INFO   ] [logOutgoingMessage] Отправляем anton команду info ("К чату подключился новый участник: vasya") 
[2023-05-08 01:35:43] [INFO   ] [logOutgoingMessage] Отправляем anton сообщение от petya :  "sdfgsdgfs") 
[2023-05-08 01:35:43] [INFO   ] [logOutgoingMessage] Отправляем vasya сообщение от petya :  "sdfgsdgfs") 
[2023-05-08 01:35:48] [INFO   ] [logOutgoingMessage] Отправляем anton сообщение от vasya :  "sdfgsdfgs") 
[2023-05-08 01:35:48] [INFO   ] [logOutgoingMessage] Отправляем petya сообщение от vasya :  "sdfgsdfgs") 
[2023-05-08 01:35:55] [INFO   ] [logOutgoingMessage] Отправляем petya сообщение от anton :  "fasdf") 
[2023-05-08 01:35:55] [INFO   ] [logOutgoingMessage] Отправляем vasya сообщение от anton :  "fasdf") 
[2023-05-08 01:36:09] [INFO   ] [logOutgoingMessage] Отправляем anton команду exit ("До скорой встречи anton!") 
[2023-05-08 01:36:09] [INFO   ] [logOutgoingMessage] Отправляем vasya команду info ("из чата выходит anton.") 
[2023-05-08 01:36:09] [INFO   ] [logOutgoingMessage] Отправляем petya команду info ("из чата выходит anton.") 
[2023-05-08 01:36:09] [INFO   ] Завершаем поток обработки клиента anton 
[2023-05-08 01:40:53] [INFO   ] [logOutgoingMessage] Отправляем vasya команду exit ("До скорой встречи vasya!") 
[2023-05-08 01:40:53] [INFO   ] [logOutgoingMessage] Отправляем petya команду info ("из чата выходит vasya.") 
[2023-05-08 01:40:53] [INFO   ] Завершаем поток обработки клиента vasya 
[2023-05-08 01:41:23] [INFO   ] Старт сервера 
[2023-05-08 01:41:23] [INFO   ] используем порт из файла конфигурации: 8100 
[2023-05-08 01:41:23] [INFO   ] используем ограничение потоков из файла конфигурации: 3 
[2023-05-08 01:41:23] [INFO   ] Message broker запущен 
[2023-05-08 01:41:23] [INFO   ] Сервер запущен 
[2023-05-08 01:41:38] [INFO   ] Открываем поток обработки подключение от /127.0.0.1:63187 
[2023-05-08 01:41:38] [INFO   ] [logIncomingMessage] Получили команду от anton : connect ("") 
[2023-05-08 01:41:38] [INFO   ] [logOutgoingMessage] Отправляем anton команду connect ("Добро пожаловать anton!
Для отправки сообщения нажмите Enter.") 
[2023-05-08 01:41:58] [INFO   ] Открываем поток обработки подключение от /127.0.0.1:63197 
[2023-05-08 01:41:58] [INFO   ] [logIncomingMessage] Получили команду от petya : connect ("") 
[2023-05-08 01:41:58] [INFO   ] [logOutgoingMessage] Отправляем petya команду connect ("Добро пожаловать petya!
Для отправки сообщения нажмите Enter.") 
[2023-05-08 01:41:58] [INFO   ] [logOutgoingMessage] Отправляем anton команду info ("К чату подключился новый участник: petya") 
[2023-05-08 01:42:04] [INFO   ] Открываем поток обработки подключение от /127.0.0.1:63201 
[2023-05-08 01:42:04] [INFO   ] [logIncomingMessage] Получили команду от vasya : connect ("") 
[2023-05-08 01:42:04] [INFO   ] [logOutgoingMessage] Отправляем vasya команду connect ("Добро пожаловать vasya!
Для отправки сообщения нажмите Enter.") 
[2023-05-08 01:42:04] [INFO   ] [logOutgoingMessage] Отправляем anton команду info ("К чату подключился новый участник: vasya") 
[2023-05-08 01:42:04] [INFO   ] [logOutgoingMessage] Отправляем petya команду info ("К чату подключился новый участник: vasya") 
[2023-05-08 01:42:10] [INFO   ] [logOutgoingMessage] Отправляем anton сообщение от vasya :  "sdfgsdgfsd") 
[2023-05-08 01:42:10] [INFO   ] [logOutgoingMessage] Отправляем petya сообщение от vasya :  "sdfgsdgfsd") 
[2023-05-08 01:42:22] [INFO   ] [logOutgoingMessage] Отправляем anton команду exit ("До скорой встречи anton!") 
[2023-05-08 01:42:22] [INFO   ] [logOutgoingMessage] Отправляем vasya команду info ("из чата выходит anton.") 
[2023-05-08 01:42:22] [INFO   ] [logOutgoingMessage] Отправляем petya команду info ("из чата выходит anton.") 
[2023-05-08 01:42:22] [INFO   ] Завершаем поток обработки клиента anton 
[2023-05-08 01:42:37] [INFO   ] [logOutgoingMessage] Отправляем vasya сообщение от petya :  "sfdgsdfg") 
[2023-05-08 01:42:42] [INFO   ] [logOutgoingMessage] Отправляем vasya команду info ("из чата выходит petya.") 
[2023-05-08 01:42:42] [INFO   ] [logOutgoingMessage] Отправляем petya команду exit ("До скорой встречи petya!") 
[2023-05-08 01:42:42] [INFO   ] Завершаем поток обработки клиента petya 
[2023-05-08 01:42:53] [INFO   ] [logOutgoingMessage] Отправляем vasya команду exit ("До скорой встречи vasya!") 
[2023-05-08 01:42:53] [INFO   ] Завершаем поток обработки клиента vasya 
[2023-05-08 01:45:49] [INFO   ] Старт сервера 
[2023-05-08 01:45:49] [INFO   ] используем порт из файла конфигурации: 8100 
[2023-05-08 01:45:49] [INFO   ] используем ограничение потоков из файла конфигурации: 3 
[2023-05-08 01:45:49] [INFO   ] Message broker запущен 
[2023-05-08 01:45:49] [INFO   ] Сервер запущен 
[2023-05-08 01:46:05] [INFO   ] Открываем поток обработки подключение от /127.0.0.1:63353 
[2023-05-08 01:46:05] [INFO   ] [logIncomingMessage] Получили команду от фтещт : connect ("") 
[2023-05-08 01:46:05] [INFO   ] [logOutgoingMessage] Отправляем фтещт команду info ("К чату подключился новый участник: фтещт") 
[2023-05-08 01:46:05] [INFO   ] [logOutgoingMessage] Отправляем фтещт команду connect ("Добро пожаловать фтещт!
Для отправки сообщения нажмите Enter.") 
[2023-05-08 01:46:26] [INFO   ] Старт сервера 
[2023-05-08 01:46:26] [INFO   ] используем порт из файла конфигурации: 8100 
[2023-05-08 01:46:26] [INFO   ] используем ограничение потоков из файла конфигурации: 3 
[2023-05-08 01:46:26] [INFO   ] Message broker запущен 
[2023-05-08 01:46:26] [INFO   ] Сервер запущен 
[2023-05-08 01:47:02] [INFO   ] Открываем поток обработки подключение от /127.0.0.1:63399 
[2023-05-08 01:47:02] [INFO   ] [logIncomingMessage] Получили команду от anton : connect ("") 
[2023-05-08 01:47:02] [INFO   ] [logOutgoingMessage] Отправляем anton команду info ("К чату подключился новый участник: anton") 
[2023-05-08 01:47:02] [INFO   ] [logOutgoingMessage] Отправляем anton команду connect ("Добро пожаловать anton!
Для отправки сообщения нажмите Enter.") 
[2023-05-08 01:49:44] [INFO   ] Старт сервера 
[2023-05-08 01:49:44] [INFO   ] используем порт из файла конфигурации: 8100 
[2023-05-08 01:49:44] [INFO   ] используем ограничение потоков из файла конфигурации: 3 
[2023-05-08 01:49:44] [INFO   ] Message broker запущен 
[2023-05-08 01:49:44] [INFO   ] Сервер запущен 
[2023-05-08 01:50:12] [INFO   ] Открываем поток обработки подключение от /127.0.0.1:63530 
[2023-05-08 01:50:12] [INFO   ] [logIncomingMessage] Получили команду от anton : connect ("") 
[2023-05-08 01:50:12] [INFO   ] [logOutgoingMessage] Отправляем anton команду connect ("Добро пожаловать anton!
Для отправки сообщения нажмите Enter.") 
[2023-05-08 01:50:20] [INFO   ] Открываем поток обработки подключение от /127.0.0.1:63534 
[2023-05-08 01:50:20] [INFO   ] [logIncomingMessage] Получили команду от petya : connect ("") 
[2023-05-08 01:50:20] [INFO   ] [logOutgoingMessage] Отправляем petya команду connect ("Добро пожаловать petya!
Для отправки сообщения нажмите Enter.") 
[2023-05-08 01:50:20] [INFO   ] [logOutgoingMessage] Отправляем anton команду info ("К чату подключился новый участник: petya") 
[2023-05-08 01:50:28] [INFO   ] Открываем поток обработки подключение от /127.0.0.1:63538 
[2023-05-08 01:50:28] [INFO   ] [logIncomingMessage] Получили команду от vasya : connect ("") 
[2023-05-08 01:50:28] [INFO   ] [logOutgoingMessage] Отправляем vasya команду connect ("Добро пожаловать vasya!
Для отправки сообщения нажмите Enter.") 
[2023-05-08 01:50:28] [INFO   ] [logOutgoingMessage] Отправляем petya команду info ("К чату подключился новый участник: vasya") 
[2023-05-08 01:50:28] [INFO   ] [logOutgoingMessage] Отправляем anton команду info ("К чату подключился новый участник: vasya") 
[2023-05-08 01:50:33] [INFO   ] [logOutgoingMessage] Отправляем anton сообщение от vasya :  "sdfgsdfg") 
[2023-05-08 01:50:33] [INFO   ] [logOutgoingMessage] Отправляем petya сообщение от vasya :  "sdfgsdfg") 
[2023-05-08 01:50:46] [INFO   ] [logOutgoingMessage] Отправляем vasya команду exit ("До скорой встречи vasya!") 
[2023-05-08 01:50:46] [INFO   ] [logOutgoingMessage] Отправляем anton команду info ("из чата выходит vasya.") 
[2023-05-08 01:50:46] [INFO   ] [logOutgoingMessage] Отправляем petya команду info ("из чата выходит vasya.") 
[2023-05-08 01:50:46] [INFO   ] Завершаем поток обработки клиента vasya 
[2023-05-08 02:10:35] [INFO   ] Старт сервера 
[2023-05-08 02:10:35] [INFO   ] используем порт из файла конфигурации: 8100 
[2023-05-08 02:10:35] [INFO   ] используем ограничение потоков из файла конфигурации: 3 
[2023-05-08 02:10:35] [INFO   ] Message broker запущен 
[2023-05-08 02:10:35] [INFO   ] Сервер запущен 
[2023-05-08 02:11:21] [INFO   ] Открываем поток обработки подключение от /127.0.0.1:64270 
[2023-05-08 02:11:21] [INFO   ] Получили команду от фтещт : connect ("") 
[2023-05-08 02:11:21] [INFO   ] Отправляем фтещт команду connect ("Добро пожаловать фтещт!
Для отправки сообщения нажмите Enter.") 
[2023-05-08 02:11:26] [INFO   ] Открываем поток обработки подключение от /127.0.0.1:64273 
[2023-05-08 02:11:26] [INFO   ] Получили команду от petya : connect ("") 
[2023-05-08 02:11:26] [INFO   ] Отправляем petya команду connect ("Добро пожаловать petya!
Для отправки сообщения нажмите Enter.") 
[2023-05-08 02:11:26] [INFO   ] Отправляем фтещт команду info ("К чату подключился новый участник: petya") 
[2023-05-08 02:11:31] [INFO   ] Открываем поток обработки подключение от /127.0.0.1:64275 
[2023-05-08 02:11:31] [INFO   ] Получили команду от vasya : connect ("") 
[2023-05-08 02:11:31] [INFO   ] Отправляем vasya команду connect ("Добро пожаловать vasya!
Для отправки сообщения нажмите Enter.") 
[2023-05-08 02:11:31] [INFO   ] Отправляем фтещт команду info ("К чату подключился новый участник: vasya") 
[2023-05-08 02:11:31] [INFO   ] Отправляем petya команду info ("К чату подключился новый участник: vasya") 
[2023-05-08 02:11:37] [INFO   ] Открываем поток обработки подключение от /127.0.0.1:64278 
[2023-05-08 02:11:37] [INFO   ] Получили команду от test : connect ("") 
[2023-05-08 02:11:51] [INFO   ] Отправляем vasya сообщение от фтещт :  "asdfasdfasf") 
[2023-05-08 02:11:51] [INFO   ] Отправляем petya сообщение от фтещт :  "asdfasdfasf") 
[2023-05-08 02:12:03] [INFO   ] Отправляем vasya сообщение от petya :  "55555555555") 
[2023-05-08 02:12:03] [INFO   ] Отправляем фтещт сообщение от petya :  "55555555555") 
[2023-05-08 02:12:14] [INFO   ] Отправляем фтещт команду exit ("До скорой встречи фтещт!") 
[2023-05-08 02:12:14] [INFO   ] Отправляем petya команду info ("из чата выходит фтещт.") 
[2023-05-08 02:12:14] [INFO   ] Отправляем vasya команду info ("из чата выходит фтещт.") 
[2023-05-08 02:12:14] [INFO   ] Завершаем поток обработки клиента фтещт 
[2023-05-08 02:12:31] [INFO   ] Отправляем petya команду exit ("До скорой встречи petya!") 
[2023-05-08 02:12:31] [INFO   ] Отправляем vasya команду info ("из чата выходит petya.") 
[2023-05-08 02:12:31] [INFO   ] Завершаем поток обработки клиента petya 
[2023-05-08 02:12:41] [INFO   ] Отправляем vasya команду  ("Неизвестная команда sdsdgf!") 
[2023-05-08 02:12:47] [INFO   ] Отправляем vasya команду exit ("До скорой встречи vasya!") 
[2023-05-08 02:12:47] [INFO   ] Завершаем поток обработки клиента vasya 
[2023-05-08 02:14:08] [INFO   ] Старт сервера 
[2023-05-08 02:14:08] [INFO   ] используем порт из файла конфигурации: 8100 
[2023-05-08 02:14:08] [INFO   ] используем ограничение потоков из файла конфигурации: 3 
[2023-05-08 02:14:08] [INFO   ] Message broker запущен 
[2023-05-08 02:14:08] [INFO   ] Сервер запущен 
[2023-05-08 02:14:29] [INFO   ] Старт сервера 
[2023-05-08 02:14:29] [INFO   ] используем порт из файла конфигурации: 8100 
[2023-05-08 02:14:29] [INFO   ] используем ограничение потоков из файла конфигурации: 3 
[2023-05-08 02:14:29] [INFO   ] Message broker запущен 
[2023-05-08 02:14:29] [INFO   ] Сервер запущен 
[2023-05-08 02:14:37] [INFO   ] Открываем поток обработки подключение от /127.0.0.1:64394 
[2023-05-08 02:14:37] [INFO   ] Получили команду от anya : connect ("") 
[2023-05-08 02:14:37] [INFO   ] Отправляем anya команду connect ("Добро пожаловать anya!
Для отправки сообщения нажмите Enter.") 
[2023-05-08 02:14:43] [INFO   ] Отправляем anya команду info ("Неизвестная команда sfgsdg!") 
[2023-05-08 02:14:50] [INFO   ] Отправляем anya команду exit ("До скорой встречи anya!") 
[2023-05-08 02:14:50] [INFO   ] Завершаем поток обработки клиента anya 
[2023-05-08 15:44:46] [INFO   ] Старт сервера 
[2023-05-08 15:44:46] [INFO   ] используем порт из файла конфигурации: 8100 
[2023-05-08 15:44:46] [INFO   ] используем ограничение потоков из файла конфигурации: 3 
[2023-05-08 15:44:46] [INFO   ] Message broker запущен 
[2023-05-08 15:44:46] [INFO   ] Сервер запущен 
[2023-05-08 15:45:10] [INFO   ] Открываем поток обработки подключение от /127.0.0.1:61327 
[2023-05-08 15:45:10] [INFO   ] Получили команду от anton : connect ("") 
[2023-05-08 15:45:18] [INFO   ] Открываем поток обработки подключение от /127.0.0.1:61333 
[2023-05-08 15:45:18] [INFO   ] Получили команду от vasya : connect ("") 
[2023-05-08 15:47:24] [INFO   ] Старт сервера 
[2023-05-08 15:47:24] [INFO   ] используем порт из файла конфигурации: 8100 
[2023-05-08 15:47:24] [INFO   ] используем ограничение потоков из файла конфигурации: 3 
[2023-05-08 15:47:24] [INFO   ] Message broker запущен 
[2023-05-08 15:47:24] [INFO   ] Сервер запущен 
[2023-05-08 15:47:30] [INFO   ] Открываем поток обработки подключения от /127.0.0.1:61434 
[2023-05-08 15:47:30] [INFO   ] Получили команду от anton : connect ("") 
[2023-05-08 16:16:00] [INFO   ] Старт сервера 
[2023-05-08 16:16:00] [INFO   ] используем порт из файла конфигурации: 8100 
[2023-05-08 16:16:00] [INFO   ] используем ограничение потоков из файла конфигурации: 3 
[2023-05-08 16:16:00] [INFO   ] Message broker запущен 
[2023-05-08 16:16:00] [INFO   ] Сервер запущен 
[2023-05-08 16:16:14] [INFO   ] Открываем поток обработки подключения от /127.0.0.1:58522 
[2023-05-08 16:16:14] [INFO   ] Получили команду от anton : connect ("") 
[2023-05-08 16:16:14] [INFO   ] Отправляем anton команду connect ("Добро пожаловать anton!
Для отправки сообщения нажмите Enter.") 
[2023-05-08 16:16:19] [INFO   ] Открываем поток обработки подключения от /127.0.0.1:58525 
[2023-05-08 16:16:19] [INFO   ] Получили команду от vasya : connect ("") 
[2023-05-08 16:16:19] [INFO   ] Отправляем vasya команду connect ("Добро пожаловать vasya!
Для отправки сообщения нажмите Enter.") 
[2023-05-08 16:16:19] [INFO   ] Отправляем anton команду exit ("К чату подключился новый участник: vasya") 
[2023-05-08 16:16:19] [INFO   ] Завершаем поток обработки клиента anton 
[2023-05-08 16:16:25] [INFO   ] Открываем поток обработки подключения от /127.0.0.1:58528 
[2023-05-08 16:16:25] [INFO   ] Получили команду от petya : connect ("") 
[2023-05-08 16:16:25] [INFO   ] Отправляем petya команду connect ("Добро пожаловать petya!
Для отправки сообщения нажмите Enter.") 
[2023-05-08 16:16:25] [INFO   ] Отправляем vasya команду exit ("К чату подключился новый участник: petya") 
[2023-05-08 16:16:25] [INFO   ] Завершаем поток обработки клиента vasya 
[2023-05-08 16:20:29] [INFO   ] Старт сервера 
[2023-05-08 16:20:29] [INFO   ] используем порт из файла конфигурации: 8100 
[2023-05-08 16:20:29] [INFO   ] используем ограничение потоков из файла конфигурации: 3 
[2023-05-08 16:20:29] [INFO   ] Message broker запущен 
[2023-05-08 16:20:29] [INFO   ] Сервер запущен 
[2023-05-08 16:20:40] [INFO   ] Открываем поток обработки подключения от /127.0.0.1:58707 
[2023-05-08 16:20:40] [INFO   ] Получили команду от anton : connect ("") 
[2023-05-08 16:20:40] [INFO   ] Отправляем anton команду connect ("Добро пожаловать anton!
Для отправки сообщения нажмите Enter.") 
[2023-05-08 16:20:45] [INFO   ] Открываем поток обработки подключения от /127.0.0.1:58710 
[2023-05-08 16:20:45] [INFO   ] Получили команду от petya : connect ("") 
[2023-05-08 16:20:45] [INFO   ] Отправляем anton команду info ("К чату подключился новый участник: petya") 
[2023-05-08 16:20:45] [INFO   ] Отправляем petya команду connect ("Добро пожаловать petya!
Для отправки сообщения нажмите Enter.") 
[2023-05-08 16:20:51] [INFO   ] Открываем поток обработки подключения от /127.0.0.1:58713 
[2023-05-08 16:20:51] [INFO   ] Получили команду от vasya : connect ("") 
[2023-05-08 16:20:51] [INFO   ] Отправляем vasya команду connect ("Добро пожаловать vasya!
Для отправки сообщения нажмите Enter.") 
[2023-05-08 16:20:51] [INFO   ] Отправляем anton команду info ("К чату подключился новый участник: vasya") 
[2023-05-08 16:20:51] [INFO   ] Отправляем petya команду info ("К чату подключился новый участник: vasya") 
[2023-05-08 16:20:58] [INFO   ] Отправляем anton сообщение от petya :  "dgfsdgsdgfsdfgsd") 
[2023-05-08 16:20:58] [INFO   ] Отправляем vasya сообщение от petya :  "dgfsdgsdgfsdfgsd") 
[2023-05-08 16:21:07] [INFO   ] Отправляем anton сообщение от vasya :  "gfssdfgsdfgs") 
[2023-05-08 16:21:07] [INFO   ] Отправляем petya сообщение от vasya :  "gfssdfgsdfgs") 
[2023-05-08 16:48:36] [INFO   ] Старт сервера 
[2023-05-08 16:48:36] [INFO   ] используем порт из файла конфигурации: 8100 
[2023-05-08 16:48:36] [INFO   ] используем ограничение потоков из файла конфигурации: 3 
[2023-05-08 16:48:36] [INFO   ] Message broker запущен 
[2023-05-08 16:48:36] [INFO   ] Сервер запущен 
[2023-05-08 16:50:48] [INFO   ] Старт сервера 
[2023-05-08 16:50:48] [INFO   ] используем порт из файла конфигурации: 8100 
[2023-05-08 16:50:48] [INFO   ] используем ограничение потоков из файла конфигурации: 3 
[2023-05-08 16:50:48] [INFO   ] Message broker запущен 
[2023-05-08 16:50:48] [INFO   ] Сервер запущен 
[2023-05-08 16:54:16] [INFO   ] Старт сервера 
[2023-05-08 16:54:16] [INFO   ] используем порт из файла конфигурации: 8100 
[2023-05-08 16:54:16] [INFO   ] используем ограничение потоков из файла конфигурации: 3 
[2023-05-08 16:54:16] [INFO   ] Message broker запущен 
[2023-05-08 16:54:16] [INFO   ] Сервер запущен 
[2023-05-08 16:54:54] [INFO   ] Старт сервера 
[2023-05-08 16:54:54] [INFO   ] используем порт из файла конфигурации: 8100 
[2023-05-08 16:54:54] [INFO   ] используем ограничение потоков из файла конфигурации: 3 
[2023-05-08 16:55:28] [INFO   ] Message broker запущен 
[2023-05-08 16:55:31] [INFO   ] Сервер запущен 
[2023-05-08 16:58:29] [INFO   ] Старт сервера 
[2023-05-08 16:58:29] [INFO   ] используем порт из файла конфигурации: 8100 
[2023-05-08 16:58:29] [INFO   ] используем ограничение потоков из файла конфигурации: 3 
[2023-05-08 16:58:29] [INFO   ] Message broker запущен 
[2023-05-08 16:58:29] [INFO   ] Сервер запущен 
[2023-05-08 16:58:44] [INFO   ] Открываем поток обработки подключения от /127.0.0.1:60279 
[2023-05-08 16:58:44] [INFO   ] Получили команду от sdfgsdfg : connect ("") 
[2023-05-08 16:58:44] [INFO   ] Отправляем sdfgsdfg команду connect ("Добро пожаловать sdfgsdfg!
Для отправки сообщения нажмите Enter.") 
[2023-05-08 16:58:52] [INFO   ] Отправляем sdfgsdfg команду exit ("До скорой встречи sdfgsdfg!") 
[2023-05-08 16:58:52] [INFO   ] Завершаем поток обработки клиента sdfgsdfg 
[2023-05-09 07:56:47] [INFO   ] Старт сервера 
[2023-05-09 07:56:47] [INFO   ] используем порт из файла конфигурации: 8100 
[2023-05-09 07:56:47] [INFO   ] используем ограничение потоков из файла конфигурации: 3 
[2023-05-09 07:56:47] [INFO   ] Message broker запущен 
[2023-05-09 07:56:47] [INFO   ] Сервер запущен 
[2023-05-09 08:01:29] [INFO   ] Старт сервера 
[2023-05-09 08:01:29] [INFO   ] используем порт из файла конфигурации: 8100 
[2023-05-09 08:01:29] [INFO   ] используем ограничение потоков из файла конфигурации: 3 
[2023-05-09 08:01:29] [INFO   ] Message broker запущен 
[2023-05-09 08:01:29] [INFO   ] Сервер запущен 
[2023-05-09 08:05:52] [INFO   ] Старт сервера 
[2023-05-09 08:05:52] [INFO   ] используем порт из файла конфигурации: 8100 
[2023-05-09 08:05:52] [INFO   ] используем ограничение потоков из файла конфигурации: 3 
[2023-05-09 08:05:52] [INFO   ] Message broker запущен 
[2023-05-09 08:05:52] [INFO   ] Сервер запущен 
[2023-05-09 08:06:30] [INFO   ] Открываем поток обработки подключения от /127.0.0.1:55113 
[2023-05-09 08:06:30] [INFO   ] Получили команду от anton : connect ("") 
[2023-05-09 08:06:30] [INFO   ] Отправляем anton команду connect ("Добро пожаловать anton!
Для отправки сообщения нажмите Enter.") 
[2023-05-09 08:06:39] [INFO   ] Открываем поток обработки подключения от /127.0.0.1:55119 
[2023-05-09 08:06:39] [INFO   ] Получили команду от petya : connect ("") 
[2023-05-09 08:06:39] [INFO   ] Отправляем petya команду connect ("Добро пожаловать petya!
Для отправки сообщения нажмите Enter.") 
[2023-05-09 08:06:39] [INFO   ] Отправляем anton команду info ("К чату подключился новый участник: petya") 
[2023-05-09 08:06:46] [INFO   ] Открываем поток обработки подключения от /127.0.0.1:55124 
[2023-05-09 08:06:46] [INFO   ] Получили команду от vasya : connect ("") 
[2023-05-09 08:06:46] [INFO   ] Отправляем petya команду info ("К чату подключился новый участник: vasya") 
[2023-05-09 08:06:46] [INFO   ] Отправляем vasya команду connect ("Добро пожаловать vasya!
Для отправки сообщения нажмите Enter.") 
[2023-05-09 08:06:46] [INFO   ] Отправляем anton команду info ("К чату подключился новый участник: vasya") 
[2023-05-09 08:06:58] [INFO   ] Отправляем anton сообщение от petya :  "asssssssssssss") 
[2023-05-09 08:06:58] [INFO   ] Отправляем vasya сообщение от petya :  "asssssssssssss") 
[2023-05-09 08:07:08] [INFO   ] Отправляем anton сообщение от vasya :  "sdfffffffffffff") 
[2023-05-09 08:07:08] [INFO   ] Отправляем petya сообщение от vasya :  "sdfffffffffffff") 
[2023-05-09 08:07:18] [INFO   ] Отправляем anton сообщение от vasya :  "exit") 
[2023-05-09 08:07:18] [INFO   ] Отправляем petya сообщение от vasya :  "exit") 
[2023-05-09 08:07:24] [INFO   ] Отправляем vasya команду exit ("До скорой встречи vasya!") 
[2023-05-09 08:07:24] [INFO   ] Отправляем petya команду exit ("из чата выходит vasya.") 
[2023-05-09 08:07:24] [INFO   ] Отправляем anton команду exit ("из чата выходит vasya.") 
[2023-05-09 08:07:24] [INFO   ] Завершаем поток обработки клиента vasya 
[2023-05-09 08:07:24] [INFO   ] Завершаем поток обработки клиента anton 
[2023-05-09 08:07:24] [INFO   ] Завершаем поток обработки клиента petya 
[2023-05-09 08:12:00] [INFO   ] Старт сервера 
[2023-05-09 08:12:00] [INFO   ] используем порт из файла конфигурации: 8100 
[2023-05-09 08:12:00] [INFO   ] используем ограничение потоков из файла конфигурации: 3 
[2023-05-09 08:12:00] [INFO   ] Message broker запущен 
[2023-05-09 08:12:00] [INFO   ] Сервер запущен 
[2023-05-09 08:12:16] [INFO   ] Открываем поток обработки подключения от /127.0.0.1:55347 
[2023-05-09 08:12:16] [INFO   ] Получили команду от anton : connect ("") 
[2023-05-09 08:12:16] [INFO   ] Отправляем anton команду connect ("Добро пожаловать anton!
Для отправки сообщения нажмите Enter.") 
[2023-05-09 08:12:22] [INFO   ] Открываем поток обработки подключения от /127.0.0.1:55350 
[2023-05-09 08:12:22] [INFO   ] Получили команду от vasya : connect ("") 
[2023-05-09 08:12:22] [INFO   ] Отправляем vasya команду connect ("Добро пожаловать vasya!
Для отправки сообщения нажмите Enter.") 
[2023-05-09 08:12:22] [INFO   ] Отправляем anton команду info ("К чату подключился новый участник: vasya") 
[2023-05-09 08:12:28] [INFO   ] Отправляем anton сообщение от vasya :  "dfgsdgf") 
[2023-05-09 08:12:35] [INFO   ] Отправляем vasya сообщение от anton :  "sdfgsdfg") 
[2023-05-09 08:12:40] [INFO   ] Отправляем anton команду exit ("До скорой встречи anton!") 
[2023-05-09 08:12:40] [INFO   ] Завершаем поток обработки клиента anton 
[2023-05-09 08:12:51] [INFO   ] Отправляем vasya команду exit ("Неизвестная команда sdfgsd!") 
[2023-05-09 08:12:51] [INFO   ] Завершаем поток обработки клиента vasya 
[2023-05-09 08:14:22] [INFO   ] Старт сервера 
[2023-05-09 08:14:22] [INFO   ] используем порт из файла конфигурации: 8100 
[2023-05-09 08:14:22] [INFO   ] используем ограничение потоков из файла конфигурации: 3 
[2023-05-09 08:14:22] [INFO   ] Message broker запущен 
[2023-05-09 08:14:22] [INFO   ] Сервер запущен 
[2023-05-09 08:14:28] [INFO   ] Открываем поток обработки подключения от /127.0.0.1:55430 
[2023-05-09 08:14:28] [INFO   ] Получили команду от sdfgsd : connect ("") 
[2023-05-09 08:14:28] [INFO   ] Отправляем sdfgsd команду connect ("Добро пожаловать sdfgsd!
Для отправки сообщения нажмите Enter.") 
[2023-05-09 08:14:33] [INFO   ] Отправляем sdfgsd команду exit ("Неизвестная команда sdfgsgf!") 
[2023-05-09 08:14:33] [INFO   ] Завершаем поток обработки клиента sdfgsd 
[2023-05-09 08:17:06] [INFO   ] Старт сервера 
[2023-05-09 08:17:06] [INFO   ] используем порт из файла конфигурации: 8100 
[2023-05-09 08:17:06] [INFO   ] используем ограничение потоков из файла конфигурации: 3 
[2023-05-09 08:17:06] [INFO   ] Message broker запущен 
[2023-05-09 08:17:06] [INFO   ] Сервер запущен 
[2023-05-09 08:17:16] [INFO   ] Открываем поток обработки подключения от /127.0.0.1:55524 
[2023-05-09 08:17:16] [INFO   ] Получили команду от asdf : connect ("") 
[2023-05-09 08:17:16] [INFO   ] Отправляем asdf команду connect ("Добро пожаловать asdf!
Для отправки сообщения нажмите Enter.") 
[2023-05-09 08:17:30] [INFO   ] Отправляем asdf команду exit ("Неизвестная команда dfsgdfg!") 
[2023-05-09 08:17:30] [INFO   ] Завершаем поток обработки клиента asdf 
[2023-05-09 08:19:34] [INFO   ] Старт сервера 
[2023-05-09 08:19:34] [INFO   ] используем порт из файла конфигурации: 8100 
[2023-05-09 08:19:34] [INFO   ] используем ограничение потоков из файла конфигурации: 3 
[2023-05-09 08:19:34] [INFO   ] Message broker запущен 
[2023-05-09 08:19:35] [INFO   ] Сервер запущен 
[2023-05-09 08:19:49] [INFO   ] Открываем поток обработки подключения от /127.0.0.1:55603 
[2023-05-09 08:19:49] [INFO   ] Получили команду от anton : connect ("") 
[2023-05-09 08:19:49] [INFO   ] Отправляем anton команду connect ("Добро пожаловать anton!
Для отправки сообщения нажмите Enter.") 
[2023-05-09 08:19:58] [INFO   ] Отправляем anton команду exit ("Неизвестная команда sdfgsdgf!") 
[2023-05-09 08:20:11] [INFO   ] Отправляем anton команду exit ("До скорой встречи anton!") 
[2023-05-09 08:20:11] [INFO   ] Завершаем поток обработки клиента anton 
[2023-05-09 08:20:30] [INFO   ] Старт сервера 
[2023-05-09 08:20:30] [INFO   ] используем порт из файла конфигурации: 8100 
[2023-05-09 08:20:30] [INFO   ] используем ограничение потоков из файла конфигурации: 3 
[2023-05-09 08:20:30] [INFO   ] Message broker запущен 
[2023-05-09 08:20:30] [INFO   ] Сервер запущен 
[2023-05-09 08:20:42] [INFO   ] Открываем поток обработки подключения от /127.0.0.1:55652 
[2023-05-09 08:20:42] [INFO   ] Получили команду от anton : connect ("") 
[2023-05-09 08:20:42] [INFO   ] Отправляем anton команду connect ("Добро пожаловать anton!
Для отправки сообщения нажмите Enter.") 
[2023-05-09 08:20:49] [INFO   ] Открываем поток обработки подключения от /127.0.0.1:55656 
[2023-05-09 08:20:49] [INFO   ] Получили команду от petya : connect ("") 
[2023-05-09 08:20:49] [INFO   ] Отправляем petya команду connect ("Добро пожаловать petya!
Для отправки сообщения нажмите Enter.") 
[2023-05-09 08:20:49] [INFO   ] Отправляем anton команду info ("К чату подключился новый участник: petya") 
[2023-05-09 08:21:00] [INFO   ] Отправляем petya сообщение от anton :  "sdfgdsgf") 
[2023-05-09 08:21:06] [INFO   ] Отправляем anton сообщение от petya :  "sdfgsdg") 
[2023-05-09 08:21:13] [INFO   ] Отправляем petya команду exit ("Неизвестная команда sdfgsdgf!") 
[2023-05-09 08:21:23] [INFO   ] Отправляем petya команду exit ("До скорой встречи petya!") 
[2023-05-09 08:21:23] [INFO   ] Завершаем поток обработки клиента petya 
[2023-05-09 08:21:47] [INFO   ] Старт сервера 
[2023-05-09 08:21:47] [INFO   ] используем порт из файла конфигурации: 8100 
[2023-05-09 08:21:47] [INFO   ] используем ограничение потоков из файла конфигурации: 3 
[2023-05-09 08:21:47] [INFO   ] Message broker запущен 
[2023-05-09 08:21:47] [INFO   ] Сервер запущен 
[2023-05-09 08:22:27] [INFO   ] Старт сервера 
[2023-05-09 08:22:27] [INFO   ] используем порт из файла конфигурации: 8100 
[2023-05-09 08:22:27] [INFO   ] используем ограничение потоков из файла конфигурации: 3 
[2023-05-09 08:22:27] [INFO   ] Message broker запущен 
[2023-05-09 08:22:27] [INFO   ] Сервер запущен 
[2023-05-09 08:23:42] [INFO   ] Старт сервера 
[2023-05-09 08:23:42] [INFO   ] используем порт из файла конфигурации: 8100 
[2023-05-09 08:23:42] [INFO   ] используем ограничение потоков из файла конфигурации: 3 
[2023-05-09 08:23:42] [INFO   ] Message broker запущен 
[2023-05-09 08:23:42] [INFO   ] Сервер запущен 
[2023-05-09 08:25:02] [INFO   ] Старт сервера 
[2023-05-09 08:25:02] [INFO   ] используем порт из файла конфигурации: 8100 
[2023-05-09 08:25:02] [INFO   ] используем ограничение потоков из файла конфигурации: 3 
[2023-05-09 08:25:02] [INFO   ] Message broker запущен 
[2023-05-09 08:25:02] [INFO   ] Сервер запущен 
[2023-05-09 08:26:24] [INFO   ] Старт сервера 
[2023-05-09 08:26:24] [INFO   ] используем порт из файла конфигурации: 8100 
[2023-05-09 08:26:24] [INFO   ] используем ограничение потоков из файла конфигурации: 3 
[2023-05-09 08:26:24] [INFO   ] Message broker запущен 
[2023-05-09 08:26:24] [INFO   ] Сервер запущен 
[2023-05-09 08:26:49] [INFO   ] Открываем поток обработки подключения от /127.0.0.1:55898 
[2023-05-09 08:26:49] [INFO   ] Получили команду от anton : connect ("") 
[2023-05-09 08:26:49] [INFO   ] Отправляем anton команду connect ("Добро пожаловать anton!
Для отправки сообщения нажмите Enter.") 
[2023-05-09 08:26:54] [INFO   ] Открываем поток обработки подключения от /127.0.0.1:55901 
[2023-05-09 08:26:54] [INFO   ] Получили команду от vasya : connect ("") 
[2023-05-09 08:26:54] [INFO   ] Отправляем vasya команду connect ("Добро пожаловать vasya!
Для отправки сообщения нажмите Enter.") 
[2023-05-09 08:26:54] [INFO   ] Отправляем anton команду info ("К чату подключился новый участник: vasya") 
[2023-05-09 08:26:59] [INFO   ] Открываем поток обработки подключения от /127.0.0.1:55904 
[2023-05-09 08:26:59] [INFO   ] Получили команду от petya : connect ("") 
[2023-05-09 08:26:59] [INFO   ] Отправляем petya команду connect ("Добро пожаловать petya!
Для отправки сообщения нажмите Enter.") 
[2023-05-09 08:26:59] [INFO   ] Отправляем anton команду info ("К чату подключился новый участник: petya") 
[2023-05-09 08:26:59] [INFO   ] Отправляем vasya команду info ("К чату подключился новый участник: petya") 
[2023-05-09 08:27:06] [INFO   ] Отправляем petya сообщение от anton :  "dsfgsdfgsdg") 
[2023-05-09 08:27:06] [INFO   ] Отправляем vasya сообщение от anton :  "dsfgsdfgsdg") 
[2023-05-09 08:27:14] [INFO   ] Отправляем vasya сообщение от petya :  "sdfgsdgf") 
[2023-05-09 08:27:14] [INFO   ] Отправляем anton сообщение от petya :  "sdfgsdgf") 
[2023-05-09 08:27:27] [INFO   ] Отправляем anton команду exit ("Неизвестная команда sdfgsdfg!") 
[2023-05-09 08:27:31] [INFO   ] Отправляем petya сообщение от anton :  "asdfasdfa") 
[2023-05-09 08:27:31] [INFO   ] Отправляем vasya сообщение от anton :  "asdfasdfa") 
[2023-05-09 08:27:38] [INFO   ] Отправляем petya сообщение от anton :  "xit") 
[2023-05-09 08:27:38] [INFO   ] Отправляем vasya сообщение от anton :  "xit") 
[2023-05-09 08:27:43] [INFO   ] Отправляем anton команду exit ("До скорой встречи anton!") 
[2023-05-09 08:27:43] [INFO   ] Отправляем vasya команду exit ("из чата выходит anton.") 
[2023-05-09 08:27:43] [INFO   ] Отправляем petya команду exit ("из чата выходит anton.") 
[2023-05-09 08:27:43] [INFO   ] Завершаем поток обработки клиента anton 
[2023-05-09 08:27:53] [INFO   ] Отправляем vasya сообщение от petya :  "44444444444") 
[2023-05-09 08:28:01] [INFO   ] Отправляем petya сообщение от vasya :  "55555555555") 
[2023-05-09 08:28:10] [INFO   ] Отправляем petya команду exit ("До скорой встречи petya!") 
[2023-05-09 08:28:10] [INFO   ] Отправляем vasya команду exit ("из чата выходит petya.") 
[2023-05-09 08:28:10] [INFO   ] Завершаем поток обработки клиента petya 
[2023-05-09 08:28:20] [INFO   ] Отправляем vasya команду exit ("До скорой встречи vasya!") 
[2023-05-09 08:28:20] [INFO   ] Завершаем поток обработки клиента vasya 
