[2023-05-08 00:54:25] [INFO   ] Запуск клиента 
[2023-05-08 00:54:26] [INFO   ] используем порт из файла конфигурации: 8100 
[2023-05-08 00:54:26] [INFO   ] используем имя подключения из файла конфигурации: localhost 
[2023-05-08 00:54:26] [INFO   ] localhost, ip address: 127.0.0.1 
[2023-05-08 00:54:38] [INFO   ] [logOutgoingMessage] Отправляем petya команду connect ("") 
[2023-05-08 00:54:39] [INFO   ] [logIncomingMessage] Получили команду от petya : connect ("Добро пожаловать petya!
Для отправки сообщения нажмите Enter.") 
[2023-05-08 00:54:53] [INFO   ] [logIncomingMessage] Получили сообщение от vasya :  "hi!") 
[2023-05-08 00:59:01] [INFO   ] Запуск клиента 
[2023-05-08 00:59:01] [INFO   ] используем порт из файла конфигурации: 8100 
[2023-05-08 00:59:01] [INFO   ] используем имя подключения из файла конфигурации: localhost 
[2023-05-08 00:59:01] [INFO   ] localhost, ip address: 127.0.0.1 
[2023-05-08 01:06:07] [INFO   ] Запуск клиента 
[2023-05-08 01:06:07] [INFO   ] используем порт из файла конфигурации: 8100 
[2023-05-08 01:06:07] [INFO   ] используем имя подключения из файла конфигурации: localhost 
[2023-05-08 01:06:07] [INFO   ] localhost, ip address: 127.0.0.1 
[2023-05-08 01:06:13] [INFO   ] [logOutgoingMessage] Отправляем anya команду connect ("") 
[2023-05-08 01:06:13] [INFO   ] [logIncomingMessage] Получили команду от anya : connect ("Добро пожаловать anya!
Для отправки сообщения нажмите Enter." 
[2023-05-08 01:06:14] [INFO   ] [logIncomingMessage] Получили команду от Server :  ("Неизвестная команда info!" 
[2023-05-08 01:07:18] [INFO   ] [logIncomingMessage] Получили сообщение от Server :  "из чата выходит petya." 
[2023-05-08 01:08:46] [INFO   ] Запуск клиента 
[2023-05-08 01:08:46] [INFO   ] используем порт из файла конфигурации: 8100 
[2023-05-08 01:08:46] [INFO   ] используем имя подключения из файла конфигурации: localhost 
[2023-05-08 01:08:46] [INFO   ] localhost, ip address: 127.0.0.1 
[2023-05-08 01:09:01] [INFO   ] [logOutgoingMessage] Отправляем petya команду connect ("") 
[2023-05-08 01:09:01] [INFO   ] [logIncomingMessage] Получили команду от petya : connect ("Добро пожаловать petya!
Для отправки сообщения нажмите Enter." 
[2023-05-08 01:09:02] [INFO   ] [logIncomingMessage] Получили команду от petya : info ("К чату подключился новый участник: petya" 
[2023-05-08 01:09:31] [INFO   ] [logIncomingMessage] Получили команду от petya : exit ("" 
[2023-05-08 01:12:16] [INFO   ] Запуск клиента 
[2023-05-08 01:12:16] [INFO   ] используем порт из файла конфигурации: 8100 
[2023-05-08 01:12:16] [INFO   ] используем имя подключения из файла конфигурации: localhost 
[2023-05-08 01:12:16] [INFO   ] localhost, ip address: 127.0.0.1 
[2023-05-08 01:12:29] [INFO   ] [logOutgoingMessage] Отправляем petya команду connect ("") 
[2023-05-08 01:12:30] [INFO   ] [logIncomingMessage] Получили команду от petya : connect ("Добро пожаловать petya!
Для отправки сообщения нажмите Enter." 
[2023-05-08 01:12:30] [INFO   ] [logIncomingMessage] Получили команду от petya : info ("К чату подключился новый участник: petya" 
[2023-05-08 01:15:54] [INFO   ] Запуск клиента 
[2023-05-08 01:15:54] [INFO   ] используем порт из файла конфигурации: 8100 
[2023-05-08 01:15:54] [INFO   ] используем имя подключения из файла конфигурации: localhost 
[2023-05-08 01:15:54] [INFO   ] localhost, ip address: 127.0.0.1 
[2023-05-08 01:16:05] [INFO   ] [logOutgoingMessage] Отправляем petya команду connect ("") 
[2023-05-08 01:16:05] [INFO   ] [logIncomingMessage] Получили команду от petya : connect ("Добро пожаловать petya!
Для отправки сообщения нажмите Enter." 
[2023-05-08 01:16:06] [INFO   ] [logIncomingMessage] Получили команду от petya : info ("К чату подключился новый участник: petya" 
[2023-05-08 01:16:11] [INFO   ] [logIncomingMessage] Получили сообщение от Server :  "из чата выходит petya." 
[2023-05-08 01:23:38] [INFO   ] Запуск клиента 
[2023-05-08 01:23:38] [INFO   ] используем порт из файла конфигурации: 8100 
[2023-05-08 01:23:38] [INFO   ] используем имя подключения из файла конфигурации: localhost 
[2023-05-08 01:23:38] [INFO   ] localhost, ip address: 127.0.0.1 
[2023-05-08 01:23:50] [INFO   ] [logOutgoingMessage] Отправляем petya команду connect ("") 
[2023-05-08 01:23:51] [INFO   ] [logIncomingMessage] Получили команду от petya : connect ("Добро пожаловать petya!
Для отправки сообщения нажмите Enter." 
[2023-05-08 01:24:08] [INFO   ] [logIncomingMessage] Получили сообщение от Server :  "из чата выходит anya." 
[2023-05-08 01:24:32] [INFO   ] [logIncomingMessage] Получили сообщение от Server :  "из чата выходит anya." 
[2023-05-08 01:26:09] [INFO   ] Запуск клиента 
[2023-05-08 01:26:09] [INFO   ] используем порт из файла конфигурации: 8100 
[2023-05-08 01:26:09] [INFO   ] используем имя подключения из файла конфигурации: localhost 
[2023-05-08 01:26:09] [INFO   ] localhost, ip address: 127.0.0.1 
[2023-05-08 01:26:20] [INFO   ] [logOutgoingMessage] Отправляем petya команду connect ("") 
[2023-05-08 01:26:21] [INFO   ] [logIncomingMessage] Получили команду от petya : connect ("Добро пожаловать petya!
Для отправки сообщения нажмите Enter." 
[2023-05-08 01:26:36] [INFO   ] [logIncomingMessage] Получили команду от petya : exit ("До скорой встречи petya!" 
[2023-05-08 01:27:14] [INFO   ] Запуск клиента 
[2023-05-08 01:27:14] [INFO   ] используем порт из файла конфигурации: 8100 
[2023-05-08 01:27:14] [INFO   ] используем имя подключения из файла конфигурации: localhost 
[2023-05-08 01:27:14] [INFO   ] localhost, ip address: 127.0.0.1 
[2023-05-08 01:29:46] [INFO   ] Запуск клиента 
[2023-05-08 01:29:46] [INFO   ] используем порт из файла конфигурации: 8100 
[2023-05-08 01:29:46] [INFO   ] используем имя подключения из файла конфигурации: localhost 
[2023-05-08 01:29:46] [INFO   ] localhost, ip address: 127.0.0.1 
[2023-05-08 01:30:00] [INFO   ] [logOutgoingMessage] Отправляем petya команду connect ("") 
[2023-05-08 01:30:00] [INFO   ] [logIncomingMessage] Получили команду от petya : connect ("Добро пожаловать petya!
Для отправки сообщения нажмите Enter." 
[2023-05-08 01:30:20] [INFO   ] [logIncomingMessage] Получили команду от petya : exit ("До скорой встречи petya!" 
[2023-05-08 01:32:31] [INFO   ] Запуск клиента 
[2023-05-08 01:32:31] [INFO   ] используем порт из файла конфигурации: 8100 
[2023-05-08 01:32:31] [INFO   ] используем имя подключения из файла конфигурации: localhost 
[2023-05-08 01:32:31] [INFO   ] localhost, ip address: 127.0.0.1 
[2023-05-08 01:33:07] [INFO   ] Запуск клиента 
[2023-05-08 01:33:07] [INFO   ] используем порт из файла конфигурации: 8100 
[2023-05-08 01:33:07] [INFO   ] используем имя подключения из файла конфигурации: localhost 
[2023-05-08 01:33:07] [INFO   ] localhost, ip address: 127.0.0.1 
[2023-05-08 01:33:21] [INFO   ] [logOutgoingMessage] Отправляем petya команду connect ("") 
[2023-05-08 01:33:21] [INFO   ] [logIncomingMessage] Получили команду от petya : connect ("Добро пожаловать petya!
Для отправки сообщения нажмите Enter." 
[2023-05-08 01:35:16] [INFO   ] Запуск клиента 
[2023-05-08 01:35:17] [INFO   ] используем порт из файла конфигурации: 8100 
[2023-05-08 01:35:17] [INFO   ] используем имя подключения из файла конфигурации: localhost 
[2023-05-08 01:35:17] [INFO   ] localhost, ip address: 127.0.0.1 
[2023-05-08 01:35:29] [INFO   ] [logOutgoingMessage] Отправляем petya команду connect ("") 
[2023-05-08 01:35:30] [INFO   ] [logIncomingMessage] Получили команду от petya : connect ("Добро пожаловать petya!
Для отправки сообщения нажмите Enter." 
[2023-05-08 01:35:35] [INFO   ] [logIncomingMessage] Получили команду от vasya : info ("К чату подключился новый участник: vasya" 
[2023-05-08 01:35:48] [INFO   ] [logIncomingMessage] Получили сообщение от vasya :  "sdfgsdfgs" 
[2023-05-08 01:35:55] [INFO   ] [logIncomingMessage] Получили сообщение от anton :  "fasdf" 
[2023-05-08 01:36:09] [INFO   ] [logIncomingMessage] Получили команду от Server : info ("из чата выходит anton." 
[2023-05-08 01:40:53] [INFO   ] [logIncomingMessage] Получили команду от Server : info ("из чата выходит vasya." 
[2023-05-08 01:41:30] [INFO   ] Запуск клиента 
[2023-05-08 01:41:30] [INFO   ] используем порт из файла конфигурации: 8100 
[2023-05-08 01:41:30] [INFO   ] используем имя подключения из файла конфигурации: localhost 
[2023-05-08 01:41:30] [INFO   ] localhost, ip address: 127.0.0.1 
[2023-05-08 01:41:58] [INFO   ] [logOutgoingMessage] Отправляем petya команду connect ("") 
[2023-05-08 01:41:58] [INFO   ] [logIncomingMessage] Получили команду от petya : connect ("Добро пожаловать petya!
Для отправки сообщения нажмите Enter.") 
[2023-05-08 01:42:04] [INFO   ] [logIncomingMessage] Получили команду от vasya : info ("К чату подключился новый участник: vasya") 
[2023-05-08 01:42:10] [INFO   ] [logIncomingMessage] Получили сообщение от vasya :  "sdfgsdgfsd" 
[2023-05-08 01:42:22] [INFO   ] [logIncomingMessage] Получили команду от Server : info ("из чата выходит anton.") 
[2023-05-08 01:42:42] [INFO   ] [logIncomingMessage] Получили команду от petya : exit ("До скорой встречи petya!") 
[2023-05-08 01:46:36] [INFO   ] Запуск клиента 
[2023-05-08 01:46:36] [INFO   ] используем порт из файла конфигурации: 8100 
[2023-05-08 01:46:36] [INFO   ] используем имя подключения из файла конфигурации: localhost 
[2023-05-08 01:46:36] [INFO   ] localhost, ip address: 127.0.0.1 
[2023-05-08 01:50:01] [INFO   ] Запуск клиента 
[2023-05-08 01:50:01] [INFO   ] используем порт из файла конфигурации: 8100 
[2023-05-08 01:50:01] [INFO   ] используем имя подключения из файла конфигурации: localhost 
[2023-05-08 01:50:01] [INFO   ] localhost, ip address: 127.0.0.1 
[2023-05-08 01:50:20] [INFO   ] [logOutgoingMessage] Отправляем petya команду connect ("") 
[2023-05-08 01:50:20] [INFO   ] [logIncomingMessage] Получили команду от petya : connect ("Добро пожаловать petya!
Для отправки сообщения нажмите Enter.") 
[2023-05-08 01:50:29] [INFO   ] [logIncomingMessage] Получили команду от vasya : info ("К чату подключился новый участник: vasya") 
[2023-05-08 01:50:34] [INFO   ] [logIncomingMessage] Получили сообщение от vasya :  "sdfgsdfg" 
[2023-05-08 01:50:46] [INFO   ] [logIncomingMessage] Получили команду от Server : info ("из чата выходит vasya.") 
[2023-05-08 02:10:54] [INFO   ] Запуск клиента 
[2023-05-08 02:10:54] [INFO   ] используем порт из файла конфигурации: 8100 
[2023-05-08 02:10:54] [INFO   ] используем имя подключения из файла конфигурации: localhost 
[2023-05-08 02:10:54] [INFO   ] localhost, ip address: 127.0.0.1 
[2023-05-08 02:11:26] [INFO   ] Отправляем petya команду connect ("") 
[2023-05-08 02:11:27] [INFO   ] Получили команду от petya : connect ("Добро пожаловать petya!
Для отправки сообщения нажмите Enter.") 
[2023-05-08 02:11:31] [INFO   ] Получили команду от vasya : info ("К чату подключился новый участник: vasya") 
[2023-05-08 02:11:51] [INFO   ] Получили сообщение от фтещт :  "asdfasdfasf" 
[2023-05-08 02:12:14] [INFO   ] Получили команду от Server : info ("из чата выходит фтещт.") 
[2023-05-08 02:12:32] [INFO   ] Получили команду от Server : exit ("До скорой встречи petya!") 
[2023-05-08 15:44:58] [INFO   ] Запуск клиента 
[2023-05-08 15:44:58] [INFO   ] используем порт из файла конфигурации: 8100 
[2023-05-08 15:44:58] [INFO   ] используем имя подключения из файла конфигурации: localhost 
[2023-05-08 15:44:58] [INFO   ] localhost, ip address: 127.0.0.1 
[2023-05-08 15:45:18] [INFO   ] Отправляем vasya команду connect ("") 
[2023-05-08 15:47:11] [INFO   ] Запуск клиента 
[2023-05-08 15:47:12] [INFO   ] используем порт из файла конфигурации: 8100 
[2023-05-08 15:47:12] [INFO   ] используем имя подключения из файла конфигурации: localhost 
[2023-05-08 15:47:12] [INFO   ] localhost, ip address: 127.0.0.1 
[2023-05-08 16:16:12] [INFO   ] Запуск клиента 
[2023-05-08 16:16:12] [INFO   ] используем порт из файла конфигурации: 8100 
[2023-05-08 16:16:12] [INFO   ] используем имя подключения из файла конфигурации: localhost 
[2023-05-08 16:16:12] [INFO   ] localhost, ip address: 127.0.0.1 
[2023-05-08 16:16:19] [INFO   ] Отправляем vasya команду connect ("") 
[2023-05-08 16:16:20] [INFO   ] Получили команду от vasya : connect ("Добро пожаловать vasya!
Для отправки сообщения нажмите Enter.") 
[2023-05-08 16:16:25] [INFO   ] Получили команду от petya : exit ("К чату подключился новый участник: petya") 
[2023-05-08 16:18:21] [INFO   ] Запуск клиента 
[2023-05-08 16:18:21] [INFO   ] используем порт из файла конфигурации: 8100 
[2023-05-08 16:18:21] [INFO   ] используем имя подключения из файла конфигурации: localhost 
[2023-05-08 16:18:21] [INFO   ] localhost, ip address: 127.0.0.1 
[2023-05-08 16:18:31] [SEVERE ] Ошибка подключения к серверу 
[2023-05-08 16:18:31] [INFO   ] Отправляем фтещт команду connect ("") 
[2023-05-08 16:20:34] [INFO   ] Запуск клиента 
[2023-05-08 16:20:34] [INFO   ] используем порт из файла конфигурации: 8100 
[2023-05-08 16:20:34] [INFO   ] используем имя подключения из файла конфигурации: localhost 
[2023-05-08 16:20:34] [INFO   ] localhost, ip address: 127.0.0.1 
[2023-05-08 16:20:45] [INFO   ] Отправляем petya команду connect ("") 
[2023-05-08 16:20:46] [INFO   ] Получили команду от petya : connect ("Добро пожаловать petya!
Для отправки сообщения нажмите Enter.") 
[2023-05-08 16:20:51] [INFO   ] Получили команду от vasya : info ("К чату подключился новый участник: vasya") 
[2023-05-08 16:21:07] [INFO   ] Получили сообщение от vasya :  "gfssdfgsdfgs" 
[2023-05-08 16:48:51] [INFO   ] Запуск клиента 
[2023-05-08 16:48:51] [INFO   ] используем порт из файла конфигурации: 8100 
[2023-05-08 16:48:51] [INFO   ] используем имя подключения из файла конфигурации: localhost 
[2023-05-08 16:48:51] [INFO   ] localhost, ip address: 127.0.0.1 
[2023-05-08 16:49:26] [SEVERE ] Ошибка подключения к серверу 
[2023-05-08 16:49:26] [INFO   ] Отправляем gsdfg команду connect ("") 
[2023-05-09 08:06:15] [INFO   ] Запуск клиента 
[2023-05-09 08:06:15] [INFO   ] используем порт из файла конфигурации: 8100 
[2023-05-09 08:06:15] [INFO   ] используем имя подключения из файла конфигурации: localhost 
[2023-05-09 08:06:15] [INFO   ] localhost, ip address: 127.0.0.1 
[2023-05-09 08:06:39] [INFO   ] Отправляем petya команду connect ("") 
[2023-05-09 08:06:40] [INFO   ] Получили команду от petya : connect ("Добро пожаловать petya!
Для отправки сообщения нажмите Enter.") 
[2023-05-09 08:06:47] [INFO   ] Получили команду от vasya : info ("К чату подключился новый участник: vasya") 
[2023-05-09 08:07:08] [INFO   ] Получили сообщение от vasya :  "sdfffffffffffff" 
[2023-05-09 08:07:18] [INFO   ] Получили сообщение от vasya :  "exit" 
[2023-05-09 08:07:24] [INFO   ] Получили команду от Server : exit ("из чата выходит vasya.") 
[2023-05-09 08:12:11] [INFO   ] Запуск клиента 
[2023-05-09 08:12:11] [INFO   ] используем порт из файла конфигурации: 8100 
[2023-05-09 08:12:11] [INFO   ] используем имя подключения из файла конфигурации: localhost 
[2023-05-09 08:12:11] [INFO   ] localhost, ip address: 127.0.0.1 
[2023-05-09 08:12:22] [INFO   ] Отправляем vasya команду connect ("") 
[2023-05-09 08:12:22] [INFO   ] Получили команду от vasya : connect ("Добро пожаловать vasya!
Для отправки сообщения нажмите Enter.") 
[2023-05-09 08:12:35] [INFO   ] Получили сообщение от anton :  "sdfgsdfg" 
[2023-05-09 08:12:51] [INFO   ] Получили команду от Server : exit ("Неизвестная команда sdfgsd!") 
[2023-05-09 08:20:39] [INFO   ] Запуск клиента 
[2023-05-09 08:20:39] [INFO   ] используем порт из файла конфигурации: 8100 
[2023-05-09 08:20:39] [INFO   ] используем имя подключения из файла конфигурации: localhost 
[2023-05-09 08:20:39] [INFO   ] localhost, ip address: 127.0.0.1 
[2023-05-09 08:20:49] [INFO   ] Отправляем petya команду connect ("") 
[2023-05-09 08:20:50] [INFO   ] Получили команду от petya : connect ("Добро пожаловать petya!
Для отправки сообщения нажмите Enter.") 
[2023-05-09 08:21:00] [INFO   ] Получили сообщение от anton :  "sdfgdsgf" 
[2023-05-09 08:21:13] [INFO   ] Получили команду от Server : exit ("Неизвестная команда sdfgsdgf!") 
[2023-05-09 08:21:23] [INFO   ] Получили команду от Server : exit ("До скорой встречи petya!") 
[2023-05-09 08:26:33] [INFO   ] Запуск клиента 
[2023-05-09 08:26:33] [INFO   ] используем порт из файла конфигурации: 8100 
[2023-05-09 08:26:33] [INFO   ] используем имя подключения из файла конфигурации: localhost 
[2023-05-09 08:26:33] [INFO   ] localhost, ip address: 127.0.0.1 
[2023-05-09 08:26:54] [INFO   ] Отправляем vasya команду connect ("") 
[2023-05-09 08:26:55] [INFO   ] Получили команду от vasya : connect ("Добро пожаловать vasya!
Для отправки сообщения нажмите Enter.") 
[2023-05-09 08:26:59] [INFO   ] Получили команду от petya : info ("К чату подключился новый участник: petya") 
[2023-05-09 08:27:07] [INFO   ] Получили сообщение от anton :  "dsfgsdfgsdg" 
[2023-05-09 08:27:14] [INFO   ] Получили сообщение от petya :  "sdfgsdgf" 
[2023-05-09 08:27:31] [INFO   ] Получили сообщение от anton :  "asdfasdfa" 
[2023-05-09 08:27:39] [INFO   ] Получили сообщение от anton :  "xit" 
[2023-05-09 08:27:44] [INFO   ] Получили команду от Server : exit ("из чата выходит anton.") 
[2023-05-09 08:27:54] [INFO   ] Получили сообщение от petya :  "44444444444" 
[2023-05-09 08:28:10] [INFO   ] Получили команду от Server : exit ("из чата выходит petya.") 
[2023-05-09 08:28:21] [INFO   ] Получили команду от Server : exit ("До скорой встречи vasya!") 
