[2023-05-06 20:32:21] [INFO   ] –ó–∞–ø—É—Å–∫ –∫–ª–∏–µ–Ω—Ç–∞ 
[2023-05-06 20:32:21] [INFO   ] –∏—Å–ø–æ–ª—å–∑—É–µ–º –ø–æ—Ä—Ç –∏–∑ —Ñ–∞–π–ª–∞ –∫–æ–Ω—Ñ–∏–≥—É—Ä–∞—Ü–∏–∏: 8100 
[2023-05-06 20:32:21] [INFO   ] –∏—Å–ø–æ–ª—å–∑—É–µ–º –∏–º—è –ø–æ–¥–∫–ª—é—á–µ–Ω–∏—è –∏–∑ —Ñ–∞–π–ª–∞ –∫–æ–Ω—Ñ–∏–≥—É—Ä–∞—Ü–∏–∏: localhost 
[2023-05-06 20:32:21] [INFO   ] localhost, ip address: 127.0.0.1 
[2023-05-06 20:32:27] [INFO   ] [logOutgoingMessage] –û—Ç–ø—Ä–∞–≤–ª—è–µ–º sdfgsdfg –∫–æ–º–∞–Ω–¥—É connect ("") 
[2023-05-06 20:32:27] [INFO   ] [logIncomingMessage] –ü–æ–ª—É—á–∏–ª–∏ –∫–æ–º–∞–Ω–¥—É –æ—Ç sdfgsdfg : connect ("–î–æ–±—Ä–æ –ø–æ–∂–∞–ª–æ–≤–∞—Ç—å sdfgsdfg!
–î–ª—è –æ—Ç–ø—Ä–∞–≤–∫–∏ —Å–æ–æ–±—â–µ–Ω–∏—è –Ω–∞–∂–º–∏—Ç–µ Enter.") 
[2023-05-06 20:32:32] [INFO   ] [logIncomingMessage] –ü–æ–ª—É—á–∏–ª–∏ –∫–æ–º–∞–Ω–¥—É –æ—Ç sdfgsdfg : exit ("–î–æ —Å–∫–æ—Ä–æ–π –≤—Å—Ç—Ä–µ—á–∏ sdfgsdfg!") 
Ï‡ˇ 08, 2023 12:41:48 AM ru.smartjava.client.Client start
INFO: –ó–∞–ø—É—Å–∫ –∫–ª–∏–µ–Ω—Ç–∞
Ï‡ˇ 08, 2023 12:41:48 AM ru.smartjava.client.Client start
INFO: –∏—Å–ø–æ–ª—å–∑—É–µ–º –ø–æ—Ä—Ç –∏–∑ —Ñ–∞–π–ª–∞ –∫–æ–Ω—Ñ–∏–≥—É—Ä–∞—Ü–∏–∏: 8100
Ï‡ˇ 08, 2023 12:41:48 AM ru.smartjava.client.Client start
INFO: –∏—Å–ø–æ–ª—å–∑—É–µ–º –∏–º—è –ø–æ–¥–∫–ª—é—á–µ–Ω–∏—è –∏–∑ —Ñ–∞–π–ª–∞ –∫–æ–Ω—Ñ–∏–≥—É—Ä–∞—Ü–∏–∏: localhost
Ï‡ˇ 08, 2023 12:41:48 AM ru.smartjava.client.Client start
INFO: localhost, ip address: 127.0.0.1
Ï‡ˇ 08, 2023 12:42:12 AM ru.smartjava.client.Client start
INFO: –ó–∞–ø—É—Å–∫ –∫–ª–∏–µ–Ω—Ç–∞
Ï‡ˇ 08, 2023 12:42:12 AM ru.smartjava.client.Client start
INFO: –∏—Å–ø–æ–ª—å–∑—É–µ–º –ø–æ—Ä—Ç –∏–∑ —Ñ–∞–π–ª–∞ –∫–æ–Ω—Ñ–∏–≥—É—Ä–∞—Ü–∏–∏: 8100
Ï‡ˇ 08, 2023 12:42:12 AM ru.smartjava.client.Client start
INFO: –∏—Å–ø–æ–ª—å–∑—É–µ–º –∏–º—è –ø–æ–¥–∫–ª—é—á–µ–Ω–∏—è –∏–∑ —Ñ–∞–π–ª–∞ –∫–æ–Ω—Ñ–∏–≥—É—Ä–∞—Ü–∏–∏: localhost
Ï‡ˇ 08, 2023 12:42:12 AM ru.smartjava.client.Client start
INFO: localhost, ip address: 127.0.0.1
Ï‡ˇ 08, 2023 12:42:23 AM ru.smartjava.client.Client start
INFO: [logOutgoingMessage] –û—Ç–ø—Ä–∞–≤–ª—è–µ–º vasya –∫–æ–º–∞–Ω–¥—É connect ("")
Ï‡ˇ 08, 2023 12:42:24 AM ru.smartjava.client.Client inputMessagesHandle
INFO: [logIncomingMessage] –ü–æ–ª—É—á–∏–ª–∏ –∫–æ–º–∞–Ω–¥—É –æ—Ç vasya : connect ("–î–æ–±—Ä–æ –ø–æ–∂–∞–ª–æ–≤–∞—Ç—å vasya!
–î–ª—è –æ—Ç–ø—Ä–∞–≤–∫–∏ —Å–æ–æ–±—â–µ–Ω–∏—è –Ω–∞–∂–º–∏—Ç–µ Enter.")
Ï‡ˇ 08, 2023 12:43:10 AM ru.smartjava.client.Client inputMessagesHandle
INFO: [logIncomingMessage] –ü–æ–ª—É—á–∏–ª–∏ –∫–æ–º–∞–Ω–¥—É –æ—Ç vasya : exit ("–î–æ —Å–∫–æ—Ä–æ–π –≤—Å—Ç—Ä–µ—á–∏ vasya!")
[2023-05-08 00:47:45] [INFO   ] –ó–∞–ø—É—Å–∫ –∫–ª–∏–µ–Ω—Ç–∞ 
[2023-05-08 00:47:45] [INFO   ] –∏—Å–ø–æ–ª—å–∑—É–µ–º –ø–æ—Ä—Ç –∏–∑ —Ñ–∞–π–ª–∞ –∫–æ–Ω—Ñ–∏–≥—É—Ä–∞—Ü–∏–∏: 8100 
[2023-05-08 00:47:45] [INFO   ] –∏—Å–ø–æ–ª—å–∑—É–µ–º –∏–º—è –ø–æ–¥–∫–ª—é—á–µ–Ω–∏—è –∏–∑ —Ñ–∞–π–ª–∞ –∫–æ–Ω—Ñ–∏–≥—É—Ä–∞—Ü–∏–∏: localhost 
[2023-05-08 00:47:45] [INFO   ] localhost, ip address: 127.0.0.1 
[2023-05-08 00:47:56] [INFO   ] [logOutgoingMessage] –û—Ç–ø—Ä–∞–≤–ª—è–µ–º petya –∫–æ–º–∞–Ω–¥—É connect ("") 
[2023-05-08 00:47:57] [INFO   ] [logIncomingMessage] –ü–æ–ª—É—á–∏–ª–∏ –∫–æ–º–∞–Ω–¥—É –æ—Ç petya : connect ("–î–æ–±—Ä–æ –ø–æ–∂–∞–ª–æ–≤–∞—Ç—å petya!
–î–ª—è –æ—Ç–ø—Ä–∞–≤–∫–∏ —Å–æ–æ–±—â–µ–Ω–∏—è –Ω–∞–∂–º–∏—Ç–µ Enter.") 
[2023-05-08 00:48:42] [INFO   ] [logIncomingMessage] –ü–æ–ª—É—á–∏–ª–∏ –∫–æ–º–∞–Ω–¥—É –æ—Ç petya : exit ("–î–æ —Å–∫–æ—Ä–æ–π –≤—Å—Ç—Ä–µ—á–∏ petya!") 
[2023-05-08 00:49:52] [INFO   ] –ó–∞–ø—É—Å–∫ –∫–ª–∏–µ–Ω—Ç–∞ 
[2023-05-08 00:49:52] [INFO   ] –∏—Å–ø–æ–ª—å–∑—É–µ–º –ø–æ—Ä—Ç –∏–∑ —Ñ–∞–π–ª–∞ –∫–æ–Ω—Ñ–∏–≥—É—Ä–∞—Ü–∏–∏: 8100 
[2023-05-08 00:49:52] [INFO   ] –∏—Å–ø–æ–ª—å–∑—É–µ–º –∏–º—è –ø–æ–¥–∫–ª—é—á–µ–Ω–∏—è –∏–∑ —Ñ–∞–π–ª–∞ –∫–æ–Ω—Ñ–∏–≥—É—Ä–∞—Ü–∏–∏: localhost 
[2023-05-08 00:49:52] [INFO   ] localhost, ip address: 127.0.0.1 
[2023-05-08 00:49:59] [INFO   ] [logOutgoingMessage] –û—Ç–ø—Ä–∞–≤–ª—è–µ–º petya –∫–æ–º–∞–Ω–¥—É connect ("") 
[2023-05-08 00:49:59] [INFO   ] [logIncomingMessage] –ü–æ–ª—É—á–∏–ª–∏ –∫–æ–º–∞–Ω–¥—É –æ—Ç petya : connect ("–î–æ–±—Ä–æ –ø–æ–∂–∞–ª–æ–≤–∞—Ç—å petya!
–î–ª—è –æ—Ç–ø—Ä–∞–≤–∫–∏ —Å–æ–æ–±—â–µ–Ω–∏—è –Ω–∞–∂–º–∏—Ç–µ Enter.") 
[2023-05-08 00:50:30] [INFO   ] [logIncomingMessage] –ü–æ–ª—É—á–∏–ª–∏ –∫–æ–º–∞–Ω–¥—É –æ—Ç petya : exit ("–î–æ —Å–∫–æ—Ä–æ–π –≤—Å—Ç—Ä–µ—á–∏ petya!") 
[2023-05-08 00:54:12] [INFO   ] –ó–∞–ø—É—Å–∫ –∫–ª–∏–µ–Ω—Ç–∞ 
[2023-05-08 00:54:12] [INFO   ] –∏—Å–ø–æ–ª—å–∑—É–µ–º –ø–æ—Ä—Ç –∏–∑ —Ñ–∞–π–ª–∞ –∫–æ–Ω—Ñ–∏–≥—É—Ä–∞—Ü–∏–∏: 8100 
[2023-05-08 00:54:12] [INFO   ] –∏—Å–ø–æ–ª—å–∑—É–µ–º –∏–º—è –ø–æ–¥–∫–ª—é—á–µ–Ω–∏—è –∏–∑ —Ñ–∞–π–ª–∞ –∫–æ–Ω—Ñ–∏–≥—É—Ä–∞—Ü–∏–∏: localhost 
[2023-05-08 00:54:12] [INFO   ] localhost, ip address: 127.0.0.1 
[2023-05-08 00:54:31] [INFO   ] [logOutgoingMessage] –û—Ç–ø—Ä–∞–≤–ª—è–µ–º vasya –∫–æ–º–∞–Ω–¥—É connect ("") 
[2023-05-08 00:54:32] [INFO   ] [logIncomingMessage] –ü–æ–ª—É—á–∏–ª–∏ –∫–æ–º–∞–Ω–¥—É –æ—Ç vasya : connect ("–î–æ–±—Ä–æ –ø–æ–∂–∞–ª–æ–≤–∞—Ç—å vasya!
–î–ª—è –æ—Ç–ø—Ä–∞–≤–∫–∏ —Å–æ–æ–±—â–µ–Ω–∏—è –Ω–∞–∂–º–∏—Ç–µ Enter.") 
[2023-05-08 00:54:39] [INFO   ] [logIncomingMessage] –ü–æ–ª—É—á–∏–ª–∏ —Å–æ–æ–±—â–µ–Ω–∏–µ –æ—Ç petya :  "–ö —á–∞—Ç—É –ø–æ–¥–∫–ª—é—á–∏–ª—Å—è –Ω–æ–≤—ã–π —É—á–∞—Å—Ç–Ω–∏–∫: petya") 
[2023-05-08 00:55:01] [INFO   ] [logIncomingMessage] –ü–æ–ª—É—á–∏–ª–∏ —Å–æ–æ–±—â–µ–Ω–∏–µ –æ—Ç petya :  "hiiiii!") 
[2023-05-08 00:59:12] [INFO   ] –ó–∞–ø—É—Å–∫ –∫–ª–∏–µ–Ω—Ç–∞ 
[2023-05-08 00:59:12] [INFO   ] –∏—Å–ø–æ–ª—å–∑—É–µ–º –ø–æ—Ä—Ç –∏–∑ —Ñ–∞–π–ª–∞ –∫–æ–Ω—Ñ–∏–≥—É—Ä–∞—Ü–∏–∏: 8100 
[2023-05-08 00:59:12] [INFO   ] –∏—Å–ø–æ–ª—å–∑—É–µ–º –∏–º—è –ø–æ–¥–∫–ª—é—á–µ–Ω–∏—è –∏–∑ —Ñ–∞–π–ª–∞ –∫–æ–Ω—Ñ–∏–≥—É—Ä–∞—Ü–∏–∏: localhost 
[2023-05-08 00:59:12] [INFO   ] localhost, ip address: 127.0.0.1 
[2023-05-08 00:59:29] [INFO   ] [logOutgoingMessage] –û—Ç–ø—Ä–∞–≤–ª—è–µ–º asdfasf –∫–æ–º–∞–Ω–¥—É connect ("") 
[2023-05-08 00:59:30] [INFO   ] [logIncomingMessage] –ü–æ–ª—É—á–∏–ª–∏ –∫–æ–º–∞–Ω–¥—É –æ—Ç asdfasf : connect ("–î–æ–±—Ä–æ –ø–æ–∂–∞–ª–æ–≤–∞—Ç—å asdfasf!
–î–ª—è –æ—Ç–ø—Ä–∞–≤–∫–∏ —Å–æ–æ–±—â–µ–Ω–∏—è –Ω–∞–∂–º–∏—Ç–µ Enter." 
[2023-05-08 00:59:30] [INFO   ] [logIncomingMessage] –ü–æ–ª—É—á–∏–ª–∏ –∫–æ–º–∞–Ω–¥—É –æ—Ç Server :  ("–ù–µ–∏–∑–≤–µ—Å—Ç–Ω–∞—è –∫–æ–º–∞–Ω–¥–∞ info!" 
[2023-05-08 01:05:29] [INFO   ] –ó–∞–ø—É—Å–∫ –∫–ª–∏–µ–Ω—Ç–∞ 
[2023-05-08 01:05:29] [INFO   ] –∏—Å–ø–æ–ª—å–∑—É–µ–º –ø–æ—Ä—Ç –∏–∑ —Ñ–∞–π–ª–∞ –∫–æ–Ω—Ñ–∏–≥—É—Ä–∞—Ü–∏–∏: 8100 
[2023-05-08 01:05:29] [INFO   ] –∏—Å–ø–æ–ª—å–∑—É–µ–º –∏–º—è –ø–æ–¥–∫–ª—é—á–µ–Ω–∏—è –∏–∑ —Ñ–∞–π–ª–∞ –∫–æ–Ω—Ñ–∏–≥—É—Ä–∞—Ü–∏–∏: localhost 
[2023-05-08 01:05:29] [INFO   ] localhost, ip address: 127.0.0.1 
[2023-05-08 01:05:37] [INFO   ] [logOutgoingMessage] –û—Ç–ø—Ä–∞–≤–ª—è–µ–º petya –∫–æ–º–∞–Ω–¥—É connect ("") 
[2023-05-08 01:05:37] [INFO   ] [logIncomingMessage] –ü–æ–ª—É—á–∏–ª–∏ –∫–æ–º–∞–Ω–¥—É –æ—Ç petya : connect ("–î–æ–±—Ä–æ –ø–æ–∂–∞–ª–æ–≤–∞—Ç—å petya!
–î–ª—è –æ—Ç–ø—Ä–∞–≤–∫–∏ —Å–æ–æ–±—â–µ–Ω–∏—è –Ω–∞–∂–º–∏—Ç–µ Enter." 
[2023-05-08 01:05:38] [INFO   ] [logIncomingMessage] –ü–æ–ª—É—á–∏–ª–∏ –∫–æ–º–∞–Ω–¥—É –æ—Ç Server :  ("–ù–µ–∏–∑–≤–µ—Å—Ç–Ω–∞—è –∫–æ–º–∞–Ω–¥–∞ info!" 
[2023-05-08 01:06:26] [INFO   ] [logIncomingMessage] –ü–æ–ª—É—á–∏–ª–∏ —Å–æ–æ–±—â–µ–Ω–∏–µ –æ—Ç anya :  "sdfgsdgf" 
[2023-05-08 01:07:19] [INFO   ] [logIncomingMessage] –ü–æ–ª—É—á–∏–ª–∏ –∫–æ–º–∞–Ω–¥—É –æ—Ç petya : exit ("–î–æ —Å–∫–æ—Ä–æ–π –≤—Å—Ç—Ä–µ—á–∏ petya!" 
[2023-05-08 01:08:39] [INFO   ] –ó–∞–ø—É—Å–∫ –∫–ª–∏–µ–Ω—Ç–∞ 
[2023-05-08 01:08:39] [INFO   ] –∏—Å–ø–æ–ª—å–∑—É–µ–º –ø–æ—Ä—Ç –∏–∑ —Ñ–∞–π–ª–∞ –∫–æ–Ω—Ñ–∏–≥—É—Ä–∞—Ü–∏–∏: 8100 
[2023-05-08 01:08:39] [INFO   ] –∏—Å–ø–æ–ª—å–∑—É–µ–º –∏–º—è –ø–æ–¥–∫–ª—é—á–µ–Ω–∏—è –∏–∑ —Ñ–∞–π–ª–∞ –∫–æ–Ω—Ñ–∏–≥—É—Ä–∞—Ü–∏–∏: localhost 
[2023-05-08 01:08:39] [INFO   ] localhost, ip address: 127.0.0.1 
[2023-05-08 01:08:52] [INFO   ] [logOutgoingMessage] –û—Ç–ø—Ä–∞–≤–ª—è–µ–º anya –∫–æ–º–∞–Ω–¥—É connect ("") 
[2023-05-08 01:08:52] [INFO   ] [logIncomingMessage] –ü–æ–ª—É—á–∏–ª–∏ –∫–æ–º–∞–Ω–¥—É –æ—Ç anya : connect ("–î–æ–±—Ä–æ –ø–æ–∂–∞–ª–æ–≤–∞—Ç—å anya!
–î–ª—è –æ—Ç–ø—Ä–∞–≤–∫–∏ —Å–æ–æ–±—â–µ–Ω–∏—è –Ω–∞–∂–º–∏—Ç–µ Enter." 
[2023-05-08 01:08:53] [INFO   ] [logIncomingMessage] –ü–æ–ª—É—á–∏–ª–∏ –∫–æ–º–∞–Ω–¥—É –æ—Ç anya : info ("–ö —á–∞—Ç—É –ø–æ–¥–∫–ª—é—á–∏–ª—Å—è –Ω–æ–≤—ã–π —É—á–∞—Å—Ç–Ω–∏–∫: anya" 
[2023-05-08 01:09:23] [INFO   ] [logIncomingMessage] –ü–æ–ª—É—á–∏–ª–∏ —Å–æ–æ–±—â–µ–Ω–∏–µ –æ—Ç petya :  "sdfgdsg" 
[2023-05-08 01:09:31] [INFO   ] [logIncomingMessage] –ü–æ–ª—É—á–∏–ª–∏ —Å–æ–æ–±—â–µ–Ω–∏–µ –æ—Ç Server :  "–∏–∑ —á–∞—Ç–∞ –≤—ã—Ö–æ–¥–∏—Ç petya." 
[2023-05-08 01:12:10] [INFO   ] –ó–∞–ø—É—Å–∫ –∫–ª–∏–µ–Ω—Ç–∞ 
[2023-05-08 01:12:10] [INFO   ] –∏—Å–ø–æ–ª—å–∑—É–µ–º –ø–æ—Ä—Ç –∏–∑ —Ñ–∞–π–ª–∞ –∫–æ–Ω—Ñ–∏–≥—É—Ä–∞—Ü–∏–∏: 8100 
[2023-05-08 01:12:10] [INFO   ] –∏—Å–ø–æ–ª—å–∑—É–µ–º –∏–º—è –ø–æ–¥–∫–ª—é—á–µ–Ω–∏—è –∏–∑ —Ñ–∞–π–ª–∞ –∫–æ–Ω—Ñ–∏–≥—É—Ä–∞—Ü–∏–∏: localhost 
[2023-05-08 01:12:10] [INFO   ] localhost, ip address: 127.0.0.1 
[2023-05-08 01:12:17] [INFO   ] [logOutgoingMessage] –û—Ç–ø—Ä–∞–≤–ª—è–µ–º anya –∫–æ–º–∞–Ω–¥—É connect ("") 
[2023-05-08 01:12:17] [INFO   ] [logIncomingMessage] –ü–æ–ª—É—á–∏–ª–∏ –∫–æ–º–∞–Ω–¥—É –æ—Ç anya : connect ("–î–æ–±—Ä–æ –ø–æ–∂–∞–ª–æ–≤–∞—Ç—å anya!
–î–ª—è –æ—Ç–ø—Ä–∞–≤–∫–∏ —Å–æ–æ–±—â–µ–Ω–∏—è –Ω–∞–∂–º–∏—Ç–µ Enter." 
[2023-05-08 01:12:18] [INFO   ] [logIncomingMessage] –ü–æ–ª—É—á–∏–ª–∏ –∫–æ–º–∞–Ω–¥—É –æ—Ç anya : info ("–ö —á–∞—Ç—É –ø–æ–¥–∫–ª—é—á–∏–ª—Å—è –Ω–æ–≤—ã–π —É—á–∞—Å—Ç–Ω–∏–∫: anya" 
[2023-05-08 01:15:30] [INFO   ] –ó–∞–ø—É—Å–∫ –∫–ª–∏–µ–Ω—Ç–∞ 
[2023-05-08 01:15:30] [INFO   ] –∏—Å–ø–æ–ª—å–∑—É–µ–º –ø–æ—Ä—Ç –∏–∑ —Ñ–∞–π–ª–∞ –∫–æ–Ω—Ñ–∏–≥—É—Ä–∞—Ü–∏–∏: 8100 
[2023-05-08 01:15:30] [INFO   ] –∏—Å–ø–æ–ª—å–∑—É–µ–º –∏–º—è –ø–æ–¥–∫–ª—é—á–µ–Ω–∏—è –∏–∑ —Ñ–∞–π–ª–∞ –∫–æ–Ω—Ñ–∏–≥—É—Ä–∞—Ü–∏–∏: localhost 
[2023-05-08 01:15:30] [INFO   ] localhost, ip address: 127.0.0.1 
[2023-05-08 01:15:49] [INFO   ] –ó–∞–ø—É—Å–∫ –∫–ª–∏–µ–Ω—Ç–∞ 
[2023-05-08 01:15:49] [INFO   ] –∏—Å–ø–æ–ª—å–∑—É–µ–º –ø–æ—Ä—Ç –∏–∑ —Ñ–∞–π–ª–∞ –∫–æ–Ω—Ñ–∏–≥—É—Ä–∞—Ü–∏–∏: 8100 
[2023-05-08 01:15:49] [INFO   ] –∏—Å–ø–æ–ª—å–∑—É–µ–º –∏–º—è –ø–æ–¥–∫–ª—é—á–µ–Ω–∏—è –∏–∑ —Ñ–∞–π–ª–∞ –∫–æ–Ω—Ñ–∏–≥—É—Ä–∞—Ü–∏–∏: localhost 
[2023-05-08 01:15:49] [INFO   ] localhost, ip address: 127.0.0.1 
[2023-05-08 01:15:58] [INFO   ] [logOutgoingMessage] –û—Ç–ø—Ä–∞–≤–ª—è–µ–º anya –∫–æ–º–∞–Ω–¥—É connect ("") 
[2023-05-08 01:15:59] [INFO   ] [logIncomingMessage] –ü–æ–ª—É—á–∏–ª–∏ –∫–æ–º–∞–Ω–¥—É –æ—Ç anya : connect ("–î–æ–±—Ä–æ –ø–æ–∂–∞–ª–æ–≤–∞—Ç—å anya!
–î–ª—è –æ—Ç–ø—Ä–∞–≤–∫–∏ —Å–æ–æ–±—â–µ–Ω–∏—è –Ω–∞–∂–º–∏—Ç–µ Enter." 
[2023-05-08 01:15:59] [INFO   ] [logIncomingMessage] –ü–æ–ª—É—á–∏–ª–∏ –∫–æ–º–∞–Ω–¥—É –æ—Ç anya : info ("–ö —á–∞—Ç—É –ø–æ–¥–∫–ª—é—á–∏–ª—Å—è –Ω–æ–≤—ã–π —É—á–∞—Å—Ç–Ω–∏–∫: anya" 
[2023-05-08 01:16:11] [INFO   ] [logIncomingMessage] –ü–æ–ª—É—á–∏–ª–∏ —Å–æ–æ–±—â–µ–Ω–∏–µ –æ—Ç Server :  "–∏–∑ —á–∞—Ç–∞ –≤—ã—Ö–æ–¥–∏—Ç petya." 
[2023-05-08 01:23:32] [INFO   ] –ó–∞–ø—É—Å–∫ –∫–ª–∏–µ–Ω—Ç–∞ 
[2023-05-08 01:23:32] [INFO   ] –∏—Å–ø–æ–ª—å–∑—É–µ–º –ø–æ—Ä—Ç –∏–∑ —Ñ–∞–π–ª–∞ –∫–æ–Ω—Ñ–∏–≥—É—Ä–∞—Ü–∏–∏: 8100 
[2023-05-08 01:23:32] [INFO   ] –∏—Å–ø–æ–ª—å–∑—É–µ–º –∏–º—è –ø–æ–¥–∫–ª—é—á–µ–Ω–∏—è –∏–∑ —Ñ–∞–π–ª–∞ –∫–æ–Ω—Ñ–∏–≥—É—Ä–∞—Ü–∏–∏: localhost 
[2023-05-08 01:23:32] [INFO   ] localhost, ip address: 127.0.0.1 
[2023-05-08 01:23:43] [INFO   ] [logOutgoingMessage] –û—Ç–ø—Ä–∞–≤–ª—è–µ–º anya –∫–æ–º–∞–Ω–¥—É connect ("") 
[2023-05-08 01:23:44] [INFO   ] [logIncomingMessage] –ü–æ–ª—É—á–∏–ª–∏ –∫–æ–º–∞–Ω–¥—É –æ—Ç anya : connect ("–î–æ–±—Ä–æ –ø–æ–∂–∞–ª–æ–≤–∞—Ç—å anya!
–î–ª—è –æ—Ç–ø—Ä–∞–≤–∫–∏ —Å–æ–æ–±—â–µ–Ω–∏—è –Ω–∞–∂–º–∏—Ç–µ Enter." 
[2023-05-08 01:23:51] [INFO   ] [logIncomingMessage] –ü–æ–ª—É—á–∏–ª–∏ –∫–æ–º–∞–Ω–¥—É –æ—Ç petya : info ("–ö —á–∞—Ç—É –ø–æ–¥–∫–ª—é—á–∏–ª—Å—è –Ω–æ–≤—ã–π —É—á–∞—Å—Ç–Ω–∏–∫: petya" 
[2023-05-08 01:24:08] [INFO   ] [logIncomingMessage] –ü–æ–ª—É—á–∏–ª–∏ —Å–æ–æ–±—â–µ–Ω–∏–µ –æ—Ç Server :  "–∏–∑ —á–∞—Ç–∞ –≤—ã—Ö–æ–¥–∏—Ç anya." 
[2023-05-08 01:24:25] [INFO   ] [logIncomingMessage] –ü–æ–ª—É—á–∏–ª–∏ —Å–æ–æ–±—â–µ–Ω–∏–µ –æ—Ç petya :  "sdgsdfg" 
[2023-05-08 01:24:32] [INFO   ] [logIncomingMessage] –ü–æ–ª—É—á–∏–ª–∏ —Å–æ–æ–±—â–µ–Ω–∏–µ –æ—Ç Server :  "–∏–∑ —á–∞—Ç–∞ –≤—ã—Ö–æ–¥–∏—Ç anya." 
[2023-05-08 01:26:06] [INFO   ] –ó–∞–ø—É—Å–∫ –∫–ª–∏–µ–Ω—Ç–∞ 
[2023-05-08 01:26:06] [INFO   ] –∏—Å–ø–æ–ª—å–∑—É–µ–º –ø–æ—Ä—Ç –∏–∑ —Ñ–∞–π–ª–∞ –∫–æ–Ω—Ñ–∏–≥—É—Ä–∞—Ü–∏–∏: 8100 
[2023-05-08 01:26:06] [INFO   ] –∏—Å–ø–æ–ª—å–∑—É–µ–º –∏–º—è –ø–æ–¥–∫–ª—é—á–µ–Ω–∏—è –∏–∑ —Ñ–∞–π–ª–∞ –∫–æ–Ω—Ñ–∏–≥—É—Ä–∞—Ü–∏–∏: localhost 
[2023-05-08 01:26:06] [INFO   ] localhost, ip address: 127.0.0.1 
[2023-05-08 01:26:14] [INFO   ] [logOutgoingMessage] –û—Ç–ø—Ä–∞–≤–ª—è–µ–º anya –∫–æ–º–∞–Ω–¥—É connect ("") 
[2023-05-08 01:26:14] [INFO   ] [logIncomingMessage] –ü–æ–ª—É—á–∏–ª–∏ –∫–æ–º–∞–Ω–¥—É –æ—Ç anya : connect ("–î–æ–±—Ä–æ –ø–æ–∂–∞–ª–æ–≤–∞—Ç—å anya!
–î–ª—è –æ—Ç–ø—Ä–∞–≤–∫–∏ —Å–æ–æ–±—â–µ–Ω–∏—è –Ω–∞–∂–º–∏—Ç–µ Enter." 
[2023-05-08 01:26:20] [INFO   ] [logIncomingMessage] –ü–æ–ª—É—á–∏–ª–∏ –∫–æ–º–∞–Ω–¥—É –æ—Ç petya : info ("–ö —á–∞—Ç—É –ø–æ–¥–∫–ª—é—á–∏–ª—Å—è –Ω–æ–≤—ã–π —É—á–∞—Å—Ç–Ω–∏–∫: petya" 
[2023-05-08 01:26:28] [INFO   ] [logIncomingMessage] –ü–æ–ª—É—á–∏–ª–∏ —Å–æ–æ–±—â–µ–Ω–∏–µ –æ—Ç petya :  "sdfgs" 
[2023-05-08 01:26:37] [INFO   ] [logIncomingMessage] –ü–æ–ª—É—á–∏–ª–∏ —Å–æ–æ–±—â–µ–Ω–∏–µ –æ—Ç Server :  "–∏–∑ —á–∞—Ç–∞ –≤—ã—Ö–æ–¥–∏—Ç petya." 
[2023-05-08 01:27:48] [INFO   ] –ó–∞–ø—É—Å–∫ –∫–ª–∏–µ–Ω—Ç–∞ 
[2023-05-08 01:27:48] [INFO   ] –∏—Å–ø–æ–ª—å–∑—É–µ–º –ø–æ—Ä—Ç –∏–∑ —Ñ–∞–π–ª–∞ –∫–æ–Ω—Ñ–∏–≥—É—Ä–∞—Ü–∏–∏: 8100 
[2023-05-08 01:27:48] [INFO   ] –∏—Å–ø–æ–ª—å–∑—É–µ–º –∏–º—è –ø–æ–¥–∫–ª—é—á–µ–Ω–∏—è –∏–∑ —Ñ–∞–π–ª–∞ –∫–æ–Ω—Ñ–∏–≥—É—Ä–∞—Ü–∏–∏: localhost 
[2023-05-08 01:27:48] [INFO   ] localhost, ip address: 127.0.0.1 
[2023-05-08 01:28:44] [INFO   ] –ó–∞–ø—É—Å–∫ –∫–ª–∏–µ–Ω—Ç–∞ 
[2023-05-08 01:28:44] [INFO   ] –∏—Å–ø–æ–ª—å–∑—É–µ–º –ø–æ—Ä—Ç –∏–∑ —Ñ–∞–π–ª–∞ –∫–æ–Ω—Ñ–∏–≥—É—Ä–∞—Ü–∏–∏: 8100 
[2023-05-08 01:28:44] [INFO   ] –∏—Å–ø–æ–ª—å–∑—É–µ–º –∏–º—è –ø–æ–¥–∫–ª—é—á–µ–Ω–∏—è –∏–∑ —Ñ–∞–π–ª–∞ –∫–æ–Ω—Ñ–∏–≥—É—Ä–∞—Ü–∏–∏: localhost 
[2023-05-08 01:28:44] [INFO   ] localhost, ip address: 127.0.0.1 
[2023-05-08 01:29:38] [INFO   ] –ó–∞–ø—É—Å–∫ –∫–ª–∏–µ–Ω—Ç–∞ 
[2023-05-08 01:29:38] [INFO   ] –∏—Å–ø–æ–ª—å–∑—É–µ–º –ø–æ—Ä—Ç –∏–∑ —Ñ–∞–π–ª–∞ –∫–æ–Ω—Ñ–∏–≥—É—Ä–∞—Ü–∏–∏: 8100 
[2023-05-08 01:29:38] [INFO   ] –∏—Å–ø–æ–ª—å–∑—É–µ–º –∏–º—è –ø–æ–¥–∫–ª—é—á–µ–Ω–∏—è –∏–∑ —Ñ–∞–π–ª–∞ –∫–æ–Ω—Ñ–∏–≥—É—Ä–∞—Ü–∏–∏: localhost 
[2023-05-08 01:29:38] [INFO   ] localhost, ip address: 127.0.0.1 
[2023-05-08 01:29:51] [INFO   ] [logOutgoingMessage] –û—Ç–ø—Ä–∞–≤–ª—è–µ–º anya –∫–æ–º–∞–Ω–¥—É connect ("") 
[2023-05-08 01:29:52] [INFO   ] [logIncomingMessage] –ü–æ–ª—É—á–∏–ª–∏ –∫–æ–º–∞–Ω–¥—É –æ—Ç anya : connect ("–î–æ–±—Ä–æ –ø–æ–∂–∞–ª–æ–≤–∞—Ç—å anya!
–î–ª—è –æ—Ç–ø—Ä–∞–≤–∫–∏ —Å–æ–æ–±—â–µ–Ω–∏—è –Ω–∞–∂–º–∏—Ç–µ Enter." 
[2023-05-08 01:30:00] [INFO   ] [logIncomingMessage] –ü–æ–ª—É—á–∏–ª–∏ –∫–æ–º–∞–Ω–¥—É –æ—Ç petya : info ("–ö —á–∞—Ç—É –ø–æ–¥–∫–ª—é—á–∏–ª—Å—è –Ω–æ–≤—ã–π —É—á–∞—Å—Ç–Ω–∏–∫: petya" 
[2023-05-08 01:30:11] [INFO   ] [logIncomingMessage] –ü–æ–ª—É—á–∏–ª–∏ —Å–æ–æ–±—â–µ–Ω–∏–µ –æ—Ç petya :  "adfsdf" 
[2023-05-08 01:30:21] [INFO   ] [logIncomingMessage] –ü–æ–ª—É—á–∏–ª–∏ –∫–æ–º–∞–Ω–¥—É –æ—Ç Server : info ("–∏–∑ —á–∞—Ç–∞ –≤—ã—Ö–æ–¥–∏—Ç petya." 
[2023-05-08 01:32:08] [INFO   ] –ó–∞–ø—É—Å–∫ –∫–ª–∏–µ–Ω—Ç–∞ 
[2023-05-08 01:32:08] [INFO   ] –∏—Å–ø–æ–ª—å–∑—É–µ–º –ø–æ—Ä—Ç –∏–∑ —Ñ–∞–π–ª–∞ –∫–æ–Ω—Ñ–∏–≥—É—Ä–∞—Ü–∏–∏: 8100 
[2023-05-08 01:32:08] [INFO   ] –∏—Å–ø–æ–ª—å–∑—É–µ–º –∏–º—è –ø–æ–¥–∫–ª—é—á–µ–Ω–∏—è –∏–∑ —Ñ–∞–π–ª–∞ –∫–æ–Ω—Ñ–∏–≥—É—Ä–∞—Ü–∏–∏: localhost 
[2023-05-08 01:32:08] [INFO   ] localhost, ip address: 127.0.0.1 
[2023-05-08 01:32:28] [INFO   ] –ó–∞–ø—É—Å–∫ –∫–ª–∏–µ–Ω—Ç–∞ 
[2023-05-08 01:32:28] [INFO   ] –∏—Å–ø–æ–ª—å–∑—É–µ–º –ø–æ—Ä—Ç –∏–∑ —Ñ–∞–π–ª–∞ –∫–æ–Ω—Ñ–∏–≥—É—Ä–∞—Ü–∏–∏: 8100 
[2023-05-08 01:32:28] [INFO   ] –∏—Å–ø–æ–ª—å–∑—É–µ–º –∏–º—è –ø–æ–¥–∫–ª—é—á–µ–Ω–∏—è –∏–∑ —Ñ–∞–π–ª–∞ –∫–æ–Ω—Ñ–∏–≥—É—Ä–∞—Ü–∏–∏: localhost 
[2023-05-08 01:32:28] [INFO   ] localhost, ip address: 127.0.0.1 
[2023-05-08 01:33:04] [INFO   ] –ó–∞–ø—É—Å–∫ –∫–ª–∏–µ–Ω—Ç–∞ 
[2023-05-08 01:33:04] [INFO   ] –∏—Å–ø–æ–ª—å–∑—É–µ–º –ø–æ—Ä—Ç –∏–∑ —Ñ–∞–π–ª–∞ –∫–æ–Ω—Ñ–∏–≥—É—Ä–∞—Ü–∏–∏: 8100 
[2023-05-08 01:33:04] [INFO   ] –∏—Å–ø–æ–ª—å–∑—É–µ–º –∏–º—è –ø–æ–¥–∫–ª—é—á–µ–Ω–∏—è –∏–∑ —Ñ–∞–π–ª–∞ –∫–æ–Ω—Ñ–∏–≥—É—Ä–∞—Ü–∏–∏: localhost 
[2023-05-08 01:33:04] [INFO   ] localhost, ip address: 127.0.0.1 
[2023-05-08 01:33:16] [INFO   ] [logOutgoingMessage] –û—Ç–ø—Ä–∞–≤–ª—è–µ–º anton –∫–æ–º–∞–Ω–¥—É connect ("") 
[2023-05-08 01:33:16] [INFO   ] [logIncomingMessage] –ü–æ–ª—É—á–∏–ª–∏ –∫–æ–º–∞–Ω–¥—É –æ—Ç anton : connect ("–î–æ–±—Ä–æ –ø–æ–∂–∞–ª–æ–≤–∞—Ç—å anton!
–î–ª—è –æ—Ç–ø—Ä–∞–≤–∫–∏ —Å–æ–æ–±—â–µ–Ω–∏—è –Ω–∞–∂–º–∏—Ç–µ Enter." 
[2023-05-08 01:33:21] [INFO   ] [logIncomingMessage] –ü–æ–ª—É—á–∏–ª–∏ –∫–æ–º–∞–Ω–¥—É –æ—Ç petya : info ("–ö —á–∞—Ç—É –ø–æ–¥–∫–ª—é—á–∏–ª—Å—è –Ω–æ–≤—ã–π —É—á–∞—Å—Ç–Ω–∏–∫: petya" 
[2023-05-08 01:34:41] [INFO   ] –ó–∞–ø—É—Å–∫ –∫–ª–∏–µ–Ω—Ç–∞ 
[2023-05-08 01:34:42] [INFO   ] –∏—Å–ø–æ–ª—å–∑—É–µ–º –ø–æ—Ä—Ç –∏–∑ —Ñ–∞–π–ª–∞ –∫–æ–Ω—Ñ–∏–≥—É—Ä–∞—Ü–∏–∏: 8100 
[2023-05-08 01:34:42] [INFO   ] –∏—Å–ø–æ–ª—å–∑—É–µ–º –∏–º—è –ø–æ–¥–∫–ª—é—á–µ–Ω–∏—è –∏–∑ —Ñ–∞–π–ª–∞ –∫–æ–Ω—Ñ–∏–≥—É—Ä–∞—Ü–∏–∏: localhost 
[2023-05-08 01:34:42] [INFO   ] localhost, ip address: 127.0.0.1 
[2023-05-08 01:34:46] [INFO   ] [logOutgoingMessage] –û—Ç–ø—Ä–∞–≤–ª—è–µ–º null –∫–æ–º–∞–Ω–¥—É connect ("") 
[2023-05-08 01:35:08] [INFO   ] –ó–∞–ø—É—Å–∫ –∫–ª–∏–µ–Ω—Ç–∞ 
[2023-05-08 01:35:08] [INFO   ] –∏—Å–ø–æ–ª—å–∑—É–µ–º –ø–æ—Ä—Ç –∏–∑ —Ñ–∞–π–ª–∞ –∫–æ–Ω—Ñ–∏–≥—É—Ä–∞—Ü–∏–∏: 8100 
[2023-05-08 01:35:08] [INFO   ] –∏—Å–ø–æ–ª—å–∑—É–µ–º –∏–º—è –ø–æ–¥–∫–ª—é—á–µ–Ω–∏—è –∏–∑ —Ñ–∞–π–ª–∞ –∫–æ–Ω—Ñ–∏–≥—É—Ä–∞—Ü–∏–∏: localhost 
[2023-05-08 01:35:08] [INFO   ] localhost, ip address: 127.0.0.1 
[2023-05-08 01:35:23] [INFO   ] [logOutgoingMessage] –û—Ç–ø—Ä–∞–≤–ª—è–µ–º anton –∫–æ–º–∞–Ω–¥—É connect ("") 
[2023-05-08 01:35:24] [INFO   ] [logIncomingMessage] –ü–æ–ª—É—á–∏–ª–∏ –∫–æ–º–∞–Ω–¥—É –æ—Ç anton : connect ("–î–æ–±—Ä–æ –ø–æ–∂–∞–ª–æ–≤–∞—Ç—å anton!
–î–ª—è –æ—Ç–ø—Ä–∞–≤–∫–∏ —Å–æ–æ–±—â–µ–Ω–∏—è –Ω–∞–∂–º–∏—Ç–µ Enter." 
[2023-05-08 01:35:29] [INFO   ] [logIncomingMessage] –ü–æ–ª—É—á–∏–ª–∏ –∫–æ–º–∞–Ω–¥—É –æ—Ç petya : info ("–ö —á–∞—Ç—É –ø–æ–¥–∫–ª—é—á–∏–ª—Å—è –Ω–æ–≤—ã–π —É—á–∞—Å—Ç–Ω–∏–∫: petya" 
[2023-05-08 01:35:35] [INFO   ] [logIncomingMessage] –ü–æ–ª—É—á–∏–ª–∏ –∫–æ–º–∞–Ω–¥—É –æ—Ç vasya : info ("–ö —á–∞—Ç—É –ø–æ–¥–∫–ª—é—á–∏–ª—Å—è –Ω–æ–≤—ã–π —É—á–∞—Å—Ç–Ω–∏–∫: vasya" 
[2023-05-08 01:35:43] [INFO   ] [logIncomingMessage] –ü–æ–ª—É—á–∏–ª–∏ —Å–æ–æ–±—â–µ–Ω–∏–µ –æ—Ç petya :  "sdfgsdgfs" 
[2023-05-08 01:35:48] [INFO   ] [logIncomingMessage] –ü–æ–ª—É—á–∏–ª–∏ —Å–æ–æ–±—â–µ–Ω–∏–µ –æ—Ç vasya :  "sdfgsdfgs" 
[2023-05-08 01:36:09] [INFO   ] [logIncomingMessage] –ü–æ–ª—É—á–∏–ª–∏ –∫–æ–º–∞–Ω–¥—É –æ—Ç anton : exit ("–î–æ —Å–∫–æ—Ä–æ–π –≤—Å—Ç—Ä–µ—á–∏ anton!" 
[2023-05-08 01:41:26] [INFO   ] –ó–∞–ø—É—Å–∫ –∫–ª–∏–µ–Ω—Ç–∞ 
[2023-05-08 01:41:26] [INFO   ] –∏—Å–ø–æ–ª—å–∑—É–µ–º –ø–æ—Ä—Ç –∏–∑ —Ñ–∞–π–ª–∞ –∫–æ–Ω—Ñ–∏–≥—É—Ä–∞—Ü–∏–∏: 8100 
[2023-05-08 01:41:26] [INFO   ] –∏—Å–ø–æ–ª—å–∑—É–µ–º –∏–º—è –ø–æ–¥–∫–ª—é—á–µ–Ω–∏—è –∏–∑ —Ñ–∞–π–ª–∞ –∫–æ–Ω—Ñ–∏–≥—É—Ä–∞—Ü–∏–∏: localhost 
[2023-05-08 01:41:26] [INFO   ] localhost, ip address: 127.0.0.1 
[2023-05-08 01:41:38] [INFO   ] [logOutgoingMessage] –û—Ç–ø—Ä–∞–≤–ª—è–µ–º anton –∫–æ–º–∞–Ω–¥—É connect ("") 
[2023-05-08 01:41:38] [INFO   ] [logIncomingMessage] –ü–æ–ª—É—á–∏–ª–∏ –∫–æ–º–∞–Ω–¥—É –æ—Ç anton : connect ("–î–æ–±—Ä–æ –ø–æ–∂–∞–ª–æ–≤–∞—Ç—å anton!
–î–ª—è –æ—Ç–ø—Ä–∞–≤–∫–∏ —Å–æ–æ–±—â–µ–Ω–∏—è –Ω–∞–∂–º–∏—Ç–µ Enter.") 
[2023-05-08 01:41:58] [INFO   ] [logIncomingMessage] –ü–æ–ª—É—á–∏–ª–∏ –∫–æ–º–∞–Ω–¥—É –æ—Ç petya : info ("–ö —á–∞—Ç—É –ø–æ–¥–∫–ª—é—á–∏–ª—Å—è –Ω–æ–≤—ã–π —É—á–∞—Å—Ç–Ω–∏–∫: petya") 
[2023-05-08 01:42:04] [INFO   ] [logIncomingMessage] –ü–æ–ª—É—á–∏–ª–∏ –∫–æ–º–∞–Ω–¥—É –æ—Ç vasya : info ("–ö —á–∞—Ç—É –ø–æ–¥–∫–ª—é—á–∏–ª—Å—è –Ω–æ–≤—ã–π —É—á–∞—Å—Ç–Ω–∏–∫: vasya") 
[2023-05-08 01:42:10] [INFO   ] [logIncomingMessage] –ü–æ–ª—É—á–∏–ª–∏ —Å–æ–æ–±—â–µ–Ω–∏–µ –æ—Ç vasya :  "sdfgsdgfsd" 
[2023-05-08 01:42:23] [INFO   ] [logIncomingMessage] –ü–æ–ª—É—á–∏–ª–∏ –∫–æ–º–∞–Ω–¥—É –æ—Ç anton : exit ("–î–æ —Å–∫–æ—Ä–æ–π –≤—Å—Ç—Ä–µ—á–∏ anton!") 
[2023-05-08 01:45:54] [INFO   ] –ó–∞–ø—É—Å–∫ –∫–ª–∏–µ–Ω—Ç–∞ 
[2023-05-08 01:45:54] [INFO   ] –∏—Å–ø–æ–ª—å–∑—É–µ–º –ø–æ—Ä—Ç –∏–∑ —Ñ–∞–π–ª–∞ –∫–æ–Ω—Ñ–∏–≥—É—Ä–∞—Ü–∏–∏: 8100 
[2023-05-08 01:45:54] [INFO   ] –∏—Å–ø–æ–ª—å–∑—É–µ–º –∏–º—è –ø–æ–¥–∫–ª—é—á–µ–Ω–∏—è –∏–∑ —Ñ–∞–π–ª–∞ –∫–æ–Ω—Ñ–∏–≥—É—Ä–∞—Ü–∏–∏: localhost 
[2023-05-08 01:45:54] [INFO   ] localhost, ip address: 127.0.0.1 
[2023-05-08 01:46:05] [INFO   ] [logOutgoingMessage] –û—Ç–ø—Ä–∞–≤–ª—è–µ–º —Ñ—Ç–µ—â—Ç –∫–æ–º–∞–Ω–¥—É connect ("") 
[2023-05-08 01:46:05] [INFO   ] [logIncomingMessage] –ü–æ–ª—É—á–∏–ª–∏ –∫–æ–º–∞–Ω–¥—É –æ—Ç Server : info ("–ö —á–∞—Ç—É –ø–æ–¥–∫–ª—é—á–∏–ª—Å—è –Ω–æ–≤—ã–π —É—á–∞—Å—Ç–Ω–∏–∫: —Ñ—Ç–µ—â—Ç") 
[2023-05-08 01:46:06] [INFO   ] [logIncomingMessage] –ü–æ–ª—É—á–∏–ª–∏ –∫–æ–º–∞–Ω–¥—É –æ—Ç —Ñ—Ç–µ—â—Ç : connect ("–î–æ–±—Ä–æ –ø–æ–∂–∞–ª–æ–≤–∞—Ç—å —Ñ—Ç–µ—â—Ç!
–î–ª—è –æ—Ç–ø—Ä–∞–≤–∫–∏ —Å–æ–æ–±—â–µ–Ω–∏—è –Ω–∞–∂–º–∏—Ç–µ Enter.") 
[2023-05-08 01:46:28] [INFO   ] –ó–∞–ø—É—Å–∫ –∫–ª–∏–µ–Ω—Ç–∞ 
[2023-05-08 01:46:28] [INFO   ] –∏—Å–ø–æ–ª—å–∑—É–µ–º –ø–æ—Ä—Ç –∏–∑ —Ñ–∞–π–ª–∞ –∫–æ–Ω—Ñ–∏–≥—É—Ä–∞—Ü–∏–∏: 8100 
[2023-05-08 01:46:28] [INFO   ] –∏—Å–ø–æ–ª—å–∑—É–µ–º –∏–º—è –ø–æ–¥–∫–ª—é—á–µ–Ω–∏—è –∏–∑ —Ñ–∞–π–ª–∞ –∫–æ–Ω—Ñ–∏–≥—É—Ä–∞—Ü–∏–∏: localhost 
[2023-05-08 01:46:28] [INFO   ] localhost, ip address: 127.0.0.1 
[2023-05-08 01:47:02] [INFO   ] [logOutgoingMessage] –û—Ç–ø—Ä–∞–≤–ª—è–µ–º anton –∫–æ–º–∞–Ω–¥—É connect ("") 
[2023-05-08 01:47:03] [INFO   ] [logIncomingMessage] –ü–æ–ª—É—á–∏–ª–∏ –∫–æ–º–∞–Ω–¥—É –æ—Ç Server : info ("–ö —á–∞—Ç—É –ø–æ–¥–∫–ª—é—á–∏–ª—Å—è –Ω–æ–≤—ã–π —É—á–∞—Å—Ç–Ω–∏–∫: anton") 
[2023-05-08 01:47:03] [INFO   ] [logIncomingMessage] –ü–æ–ª—É—á–∏–ª–∏ –∫–æ–º–∞–Ω–¥—É –æ—Ç anton : connect ("–î–æ–±—Ä–æ –ø–æ–∂–∞–ª–æ–≤–∞—Ç—å anton!
–î–ª—è –æ—Ç–ø—Ä–∞–≤–∫–∏ —Å–æ–æ–±—â–µ–Ω–∏—è –Ω–∞–∂–º–∏—Ç–µ Enter.") 
[2023-05-08 01:49:55] [INFO   ] –ó–∞–ø—É—Å–∫ –∫–ª–∏–µ–Ω—Ç–∞ 
[2023-05-08 01:49:55] [INFO   ] –∏—Å–ø–æ–ª—å–∑—É–µ–º –ø–æ—Ä—Ç –∏–∑ —Ñ–∞–π–ª–∞ –∫–æ–Ω—Ñ–∏–≥—É—Ä–∞—Ü–∏–∏: 8100 
[2023-05-08 01:49:55] [INFO   ] –∏—Å–ø–æ–ª—å–∑—É–µ–º –∏–º—è –ø–æ–¥–∫–ª—é—á–µ–Ω–∏—è –∏–∑ —Ñ–∞–π–ª–∞ –∫–æ–Ω—Ñ–∏–≥—É—Ä–∞—Ü–∏–∏: localhost 
[2023-05-08 01:49:55] [INFO   ] localhost, ip address: 127.0.0.1 
[2023-05-08 01:50:12] [INFO   ] [logOutgoingMessage] –û—Ç–ø—Ä–∞–≤–ª—è–µ–º anton –∫–æ–º–∞–Ω–¥—É connect ("") 
[2023-05-08 01:50:13] [INFO   ] [logIncomingMessage] –ü–æ–ª—É—á–∏–ª–∏ –∫–æ–º–∞–Ω–¥—É –æ—Ç anton : connect ("–î–æ–±—Ä–æ –ø–æ–∂–∞–ª–æ–≤–∞—Ç—å anton!
–î–ª—è –æ—Ç–ø—Ä–∞–≤–∫–∏ —Å–æ–æ–±—â–µ–Ω–∏—è –Ω–∞–∂–º–∏—Ç–µ Enter.") 
[2023-05-08 01:50:20] [INFO   ] [logIncomingMessage] –ü–æ–ª—É—á–∏–ª–∏ –∫–æ–º–∞–Ω–¥—É –æ—Ç petya : info ("–ö —á–∞—Ç—É –ø–æ–¥–∫–ª—é—á–∏–ª—Å—è –Ω–æ–≤—ã–π —É—á–∞—Å—Ç–Ω–∏–∫: petya") 
[2023-05-08 01:50:29] [INFO   ] [logIncomingMessage] –ü–æ–ª—É—á–∏–ª–∏ –∫–æ–º–∞–Ω–¥—É –æ—Ç vasya : info ("–ö —á–∞—Ç—É –ø–æ–¥–∫–ª—é—á–∏–ª—Å—è –Ω–æ–≤—ã–π —É—á–∞—Å—Ç–Ω–∏–∫: vasya") 
[2023-05-08 01:50:34] [INFO   ] [logIncomingMessage] –ü–æ–ª—É—á–∏–ª–∏ —Å–æ–æ–±—â–µ–Ω–∏–µ –æ—Ç vasya :  "sdfgsdfg" 
[2023-05-08 01:50:46] [INFO   ] [logIncomingMessage] –ü–æ–ª—É—á–∏–ª–∏ –∫–æ–º–∞–Ω–¥—É –æ—Ç Server : info ("–∏–∑ —á–∞—Ç–∞ –≤—ã—Ö–æ–¥–∏—Ç vasya.") 
