[2023-05-08 01:41:37] [INFO   ] Запуск клиента 
[2023-05-08 01:41:37] [INFO   ] используем порт из файла конфигурации: 8100 
[2023-05-08 01:41:37] [INFO   ] используем имя подключения из файла конфигурации: localhost 
[2023-05-08 01:41:37] [INFO   ] localhost, ip address: 127.0.0.1 
[2023-05-08 01:42:04] [INFO   ] [logOutgoingMessage] Отправляем vasya команду connect ("") 
[2023-05-08 01:42:05] [INFO   ] [logIncomingMessage] Получили команду от vasya : connect ("Добро пожаловать vasya!
Для отправки сообщения нажмите Enter.") 
[2023-05-08 01:42:23] [INFO   ] [logIncomingMessage] Получили команду от Server : info ("из чата выходит anton.") 
[2023-05-08 01:42:38] [INFO   ] [logIncomingMessage] Получили сообщение от petya :  "sfdgsdfg" 
[2023-05-08 01:42:43] [INFO   ] [logIncomingMessage] Получили команду от Server : info ("из чата выходит petya.") 
[2023-05-08 01:42:53] [INFO   ] [logIncomingMessage] Получили команду от vasya : exit ("До скорой встречи vasya!") 
[2023-05-08 01:46:56] [INFO   ] Запуск клиента 
[2023-05-08 01:46:56] [INFO   ] используем порт из файла конфигурации: 8100 
[2023-05-08 01:46:56] [INFO   ] используем имя подключения из файла конфигурации: localhost 
[2023-05-08 01:46:56] [INFO   ] localhost, ip address: 127.0.0.1 
[2023-05-08 01:50:07] [INFO   ] Запуск клиента 
[2023-05-08 01:50:07] [INFO   ] используем порт из файла конфигурации: 8100 
[2023-05-08 01:50:07] [INFO   ] используем имя подключения из файла конфигурации: localhost 
[2023-05-08 01:50:07] [INFO   ] localhost, ip address: 127.0.0.1 
[2023-05-08 01:50:28] [INFO   ] [logOutgoingMessage] Отправляем vasya команду connect ("") 
[2023-05-08 01:50:29] [INFO   ] [logIncomingMessage] Получили команду от vasya : connect ("Добро пожаловать vasya!
Для отправки сообщения нажмите Enter.") 
[2023-05-08 01:50:46] [INFO   ] [logIncomingMessage] Получили команду от Server : exit ("До скорой встречи vasya!") 
